[2024-07-02T16:19:00.851+0000] {processor.py:161} INFO - Started process (PID=199) to work on /opt/airflow/dags/dag_sentiment_ana;ysis.py
[2024-07-02T16:19:00.852+0000] {processor.py:830} INFO - Processing file /opt/airflow/dags/dag_sentiment_ana;ysis.py for tasks to queue
[2024-07-02T16:19:00.853+0000] {logging_mixin.py:188} INFO - [2024-07-02T16:19:00.853+0000] {dagbag.py:540} INFO - Filling up the DagBag from /opt/airflow/dags/dag_sentiment_ana;ysis.py
[2024-07-02T16:19:00.916+0000] {processor.py:840} INFO - DAG(s) 'dag_sentiment_analysis' retrieved from /opt/airflow/dags/dag_sentiment_ana;ysis.py
[2024-07-02T16:19:01.207+0000] {logging_mixin.py:188} INFO - [2024-07-02T16:19:01.206+0000] {override.py:1769} INFO - Created Permission View: can read on DAG:dag_sentiment_analysis
[2024-07-02T16:19:01.216+0000] {logging_mixin.py:188} INFO - [2024-07-02T16:19:01.215+0000] {override.py:1769} INFO - Created Permission View: can delete on DAG:dag_sentiment_analysis
[2024-07-02T16:19:01.222+0000] {logging_mixin.py:188} INFO - [2024-07-02T16:19:01.221+0000] {override.py:1769} INFO - Created Permission View: can edit on DAG:dag_sentiment_analysis
[2024-07-02T16:19:01.222+0000] {logging_mixin.py:188} INFO - [2024-07-02T16:19:01.222+0000] {dag.py:3047} INFO - Sync 1 DAGs
[2024-07-02T16:19:01.233+0000] {logging_mixin.py:188} INFO - [2024-07-02T16:19:01.232+0000] {dag.py:3069} INFO - Creating ORM DAG for dag_sentiment_analysis
[2024-07-02T16:19:01.245+0000] {logging_mixin.py:188} INFO - [2024-07-02T16:19:01.245+0000] {dag.py:3834} INFO - Setting next_dagrun for dag_sentiment_analysis to 2024-07-01 00:00:00+00:00, run_after=2024-07-02 00:00:00+00:00
[2024-07-02T16:19:01.266+0000] {processor.py:183} INFO - Processing /opt/airflow/dags/dag_sentiment_ana;ysis.py took 0.419 seconds
[2024-07-02T16:19:31.517+0000] {processor.py:161} INFO - Started process (PID=204) to work on /opt/airflow/dags/dag_sentiment_ana;ysis.py
[2024-07-02T16:19:31.518+0000] {processor.py:830} INFO - Processing file /opt/airflow/dags/dag_sentiment_ana;ysis.py for tasks to queue
[2024-07-02T16:19:31.519+0000] {logging_mixin.py:188} INFO - [2024-07-02T16:19:31.519+0000] {dagbag.py:540} INFO - Filling up the DagBag from /opt/airflow/dags/dag_sentiment_ana;ysis.py
[2024-07-02T16:19:31.551+0000] {processor.py:840} INFO - DAG(s) 'dag_sentiment_analysis' retrieved from /opt/airflow/dags/dag_sentiment_ana;ysis.py
[2024-07-02T16:19:31.580+0000] {logging_mixin.py:188} INFO - [2024-07-02T16:19:31.579+0000] {dag.py:3047} INFO - Sync 1 DAGs
[2024-07-02T16:19:31.606+0000] {logging_mixin.py:188} INFO - [2024-07-02T16:19:31.606+0000] {dag.py:3834} INFO - Setting next_dagrun for dag_sentiment_analysis to 2024-07-01 00:00:00+00:00, run_after=2024-07-02 00:00:00+00:00
[2024-07-02T16:19:31.632+0000] {processor.py:183} INFO - Processing /opt/airflow/dags/dag_sentiment_ana;ysis.py took 0.118 seconds
[2024-07-02T16:20:01.753+0000] {processor.py:161} INFO - Started process (PID=209) to work on /opt/airflow/dags/dag_sentiment_ana;ysis.py
[2024-07-02T16:20:01.754+0000] {processor.py:830} INFO - Processing file /opt/airflow/dags/dag_sentiment_ana;ysis.py for tasks to queue
[2024-07-02T16:20:01.755+0000] {logging_mixin.py:188} INFO - [2024-07-02T16:20:01.755+0000] {dagbag.py:540} INFO - Filling up the DagBag from /opt/airflow/dags/dag_sentiment_ana;ysis.py
[2024-07-02T16:20:01.779+0000] {processor.py:840} INFO - DAG(s) 'dag_sentiment_analysis' retrieved from /opt/airflow/dags/dag_sentiment_ana;ysis.py
[2024-07-02T16:20:01.802+0000] {logging_mixin.py:188} INFO - [2024-07-02T16:20:01.801+0000] {dag.py:3047} INFO - Sync 1 DAGs
[2024-07-02T16:20:01.822+0000] {logging_mixin.py:188} INFO - [2024-07-02T16:20:01.822+0000] {dag.py:3834} INFO - Setting next_dagrun for dag_sentiment_analysis to 2024-07-01 00:00:00+00:00, run_after=2024-07-02 00:00:00+00:00
[2024-07-02T16:20:01.848+0000] {processor.py:183} INFO - Processing /opt/airflow/dags/dag_sentiment_ana;ysis.py took 0.100 seconds
[2024-07-02T16:20:32.156+0000] {processor.py:161} INFO - Started process (PID=214) to work on /opt/airflow/dags/dag_sentiment_ana;ysis.py
[2024-07-02T16:20:32.158+0000] {processor.py:830} INFO - Processing file /opt/airflow/dags/dag_sentiment_ana;ysis.py for tasks to queue
[2024-07-02T16:20:32.159+0000] {logging_mixin.py:188} INFO - [2024-07-02T16:20:32.159+0000] {dagbag.py:540} INFO - Filling up the DagBag from /opt/airflow/dags/dag_sentiment_ana;ysis.py
[2024-07-02T16:20:32.185+0000] {processor.py:840} INFO - DAG(s) 'dag_sentiment_analysis' retrieved from /opt/airflow/dags/dag_sentiment_ana;ysis.py
[2024-07-02T16:20:32.218+0000] {logging_mixin.py:188} INFO - [2024-07-02T16:20:32.218+0000] {dag.py:3047} INFO - Sync 1 DAGs
[2024-07-02T16:20:32.247+0000] {logging_mixin.py:188} INFO - [2024-07-02T16:20:32.246+0000] {dag.py:3834} INFO - Setting next_dagrun for dag_sentiment_analysis to 2024-07-01 00:00:00+00:00, run_after=2024-07-02 00:00:00+00:00
[2024-07-02T16:20:32.289+0000] {processor.py:183} INFO - Processing /opt/airflow/dags/dag_sentiment_ana;ysis.py took 0.136 seconds
[2024-07-02T16:21:02.384+0000] {processor.py:161} INFO - Started process (PID=219) to work on /opt/airflow/dags/dag_sentiment_ana;ysis.py
[2024-07-02T16:21:02.386+0000] {processor.py:830} INFO - Processing file /opt/airflow/dags/dag_sentiment_ana;ysis.py for tasks to queue
[2024-07-02T16:21:02.387+0000] {logging_mixin.py:188} INFO - [2024-07-02T16:21:02.386+0000] {dagbag.py:540} INFO - Filling up the DagBag from /opt/airflow/dags/dag_sentiment_ana;ysis.py
[2024-07-02T16:21:02.417+0000] {processor.py:840} INFO - DAG(s) 'dag_sentiment_analysis' retrieved from /opt/airflow/dags/dag_sentiment_ana;ysis.py
[2024-07-02T16:21:02.442+0000] {logging_mixin.py:188} INFO - [2024-07-02T16:21:02.441+0000] {dag.py:3047} INFO - Sync 1 DAGs
[2024-07-02T16:21:02.470+0000] {logging_mixin.py:188} INFO - [2024-07-02T16:21:02.470+0000] {dag.py:3834} INFO - Setting next_dagrun for dag_sentiment_analysis to 2024-07-01 00:00:00+00:00, run_after=2024-07-02 00:00:00+00:00
[2024-07-02T16:21:02.497+0000] {processor.py:183} INFO - Processing /opt/airflow/dags/dag_sentiment_ana;ysis.py took 0.116 seconds
[2024-07-02T16:21:32.745+0000] {processor.py:161} INFO - Started process (PID=224) to work on /opt/airflow/dags/dag_sentiment_ana;ysis.py
[2024-07-02T16:21:32.747+0000] {processor.py:830} INFO - Processing file /opt/airflow/dags/dag_sentiment_ana;ysis.py for tasks to queue
[2024-07-02T16:21:32.750+0000] {logging_mixin.py:188} INFO - [2024-07-02T16:21:32.749+0000] {dagbag.py:540} INFO - Filling up the DagBag from /opt/airflow/dags/dag_sentiment_ana;ysis.py
[2024-07-02T16:21:32.778+0000] {processor.py:840} INFO - DAG(s) 'dag_sentiment_analysis' retrieved from /opt/airflow/dags/dag_sentiment_ana;ysis.py
[2024-07-02T16:21:32.809+0000] {logging_mixin.py:188} INFO - [2024-07-02T16:21:32.809+0000] {dag.py:3047} INFO - Sync 1 DAGs
[2024-07-02T16:21:32.829+0000] {logging_mixin.py:188} INFO - [2024-07-02T16:21:32.829+0000] {dag.py:3834} INFO - Setting next_dagrun for dag_sentiment_analysis to 2024-07-01 00:00:00+00:00, run_after=2024-07-02 00:00:00+00:00
[2024-07-02T16:21:32.847+0000] {processor.py:183} INFO - Processing /opt/airflow/dags/dag_sentiment_ana;ysis.py took 0.107 seconds
[2024-07-02T16:22:03.015+0000] {processor.py:161} INFO - Started process (PID=229) to work on /opt/airflow/dags/dag_sentiment_ana;ysis.py
[2024-07-02T16:22:03.017+0000] {processor.py:830} INFO - Processing file /opt/airflow/dags/dag_sentiment_ana;ysis.py for tasks to queue
[2024-07-02T16:22:03.019+0000] {logging_mixin.py:188} INFO - [2024-07-02T16:22:03.018+0000] {dagbag.py:540} INFO - Filling up the DagBag from /opt/airflow/dags/dag_sentiment_ana;ysis.py
[2024-07-02T16:22:03.069+0000] {processor.py:840} INFO - DAG(s) 'dag_sentiment_analysis' retrieved from /opt/airflow/dags/dag_sentiment_ana;ysis.py
[2024-07-02T16:22:03.118+0000] {logging_mixin.py:188} INFO - [2024-07-02T16:22:03.118+0000] {dag.py:3047} INFO - Sync 1 DAGs
[2024-07-02T16:22:03.143+0000] {logging_mixin.py:188} INFO - [2024-07-02T16:22:03.143+0000] {dag.py:3834} INFO - Setting next_dagrun for dag_sentiment_analysis to 2024-07-01 00:00:00+00:00, run_after=2024-07-02 00:00:00+00:00
[2024-07-02T16:22:03.168+0000] {processor.py:183} INFO - Processing /opt/airflow/dags/dag_sentiment_ana;ysis.py took 0.160 seconds
[2024-07-02T16:22:33.314+0000] {processor.py:161} INFO - Started process (PID=234) to work on /opt/airflow/dags/dag_sentiment_ana;ysis.py
[2024-07-02T16:22:33.315+0000] {processor.py:830} INFO - Processing file /opt/airflow/dags/dag_sentiment_ana;ysis.py for tasks to queue
[2024-07-02T16:22:33.316+0000] {logging_mixin.py:188} INFO - [2024-07-02T16:22:33.316+0000] {dagbag.py:540} INFO - Filling up the DagBag from /opt/airflow/dags/dag_sentiment_ana;ysis.py
[2024-07-02T16:22:33.343+0000] {processor.py:840} INFO - DAG(s) 'dag_sentiment_analysis' retrieved from /opt/airflow/dags/dag_sentiment_ana;ysis.py
[2024-07-02T16:22:33.368+0000] {logging_mixin.py:188} INFO - [2024-07-02T16:22:33.367+0000] {dag.py:3047} INFO - Sync 1 DAGs
[2024-07-02T16:22:33.395+0000] {logging_mixin.py:188} INFO - [2024-07-02T16:22:33.395+0000] {dag.py:3834} INFO - Setting next_dagrun for dag_sentiment_analysis to 2024-07-01 00:00:00+00:00, run_after=2024-07-02 00:00:00+00:00
[2024-07-02T16:22:33.422+0000] {processor.py:183} INFO - Processing /opt/airflow/dags/dag_sentiment_ana;ysis.py took 0.111 seconds
[2024-07-02T16:23:03.618+0000] {processor.py:161} INFO - Started process (PID=239) to work on /opt/airflow/dags/dag_sentiment_ana;ysis.py
[2024-07-02T16:23:03.621+0000] {processor.py:830} INFO - Processing file /opt/airflow/dags/dag_sentiment_ana;ysis.py for tasks to queue
[2024-07-02T16:23:03.622+0000] {logging_mixin.py:188} INFO - [2024-07-02T16:23:03.622+0000] {dagbag.py:540} INFO - Filling up the DagBag from /opt/airflow/dags/dag_sentiment_ana;ysis.py
[2024-07-02T16:23:03.654+0000] {processor.py:840} INFO - DAG(s) 'dag_sentiment_analysis' retrieved from /opt/airflow/dags/dag_sentiment_ana;ysis.py
[2024-07-02T16:23:03.685+0000] {logging_mixin.py:188} INFO - [2024-07-02T16:23:03.685+0000] {dag.py:3047} INFO - Sync 1 DAGs
[2024-07-02T16:23:03.727+0000] {logging_mixin.py:188} INFO - [2024-07-02T16:23:03.727+0000] {dag.py:3834} INFO - Setting next_dagrun for dag_sentiment_analysis to 2024-07-01 00:00:00+00:00, run_after=2024-07-02 00:00:00+00:00
[2024-07-02T16:23:03.752+0000] {processor.py:183} INFO - Processing /opt/airflow/dags/dag_sentiment_ana;ysis.py took 0.142 seconds
[2024-07-02T16:23:33.912+0000] {processor.py:161} INFO - Started process (PID=244) to work on /opt/airflow/dags/dag_sentiment_ana;ysis.py
[2024-07-02T16:23:33.913+0000] {processor.py:830} INFO - Processing file /opt/airflow/dags/dag_sentiment_ana;ysis.py for tasks to queue
[2024-07-02T16:23:33.914+0000] {logging_mixin.py:188} INFO - [2024-07-02T16:23:33.913+0000] {dagbag.py:540} INFO - Filling up the DagBag from /opt/airflow/dags/dag_sentiment_ana;ysis.py
[2024-07-02T16:23:33.939+0000] {processor.py:840} INFO - DAG(s) 'dag_sentiment_analysis' retrieved from /opt/airflow/dags/dag_sentiment_ana;ysis.py
[2024-07-02T16:23:33.961+0000] {logging_mixin.py:188} INFO - [2024-07-02T16:23:33.961+0000] {dag.py:3047} INFO - Sync 1 DAGs
[2024-07-02T16:23:33.978+0000] {logging_mixin.py:188} INFO - [2024-07-02T16:23:33.977+0000] {dag.py:3834} INFO - Setting next_dagrun for dag_sentiment_analysis to 2024-07-01 00:00:00+00:00, run_after=2024-07-02 00:00:00+00:00
[2024-07-02T16:23:33.997+0000] {processor.py:183} INFO - Processing /opt/airflow/dags/dag_sentiment_ana;ysis.py took 0.089 seconds
[2024-07-02T16:24:04.275+0000] {processor.py:161} INFO - Started process (PID=249) to work on /opt/airflow/dags/dag_sentiment_ana;ysis.py
[2024-07-02T16:24:04.276+0000] {processor.py:830} INFO - Processing file /opt/airflow/dags/dag_sentiment_ana;ysis.py for tasks to queue
[2024-07-02T16:24:04.278+0000] {logging_mixin.py:188} INFO - [2024-07-02T16:24:04.277+0000] {dagbag.py:540} INFO - Filling up the DagBag from /opt/airflow/dags/dag_sentiment_ana;ysis.py
[2024-07-02T16:24:04.307+0000] {processor.py:840} INFO - DAG(s) 'dag_sentiment_analysis' retrieved from /opt/airflow/dags/dag_sentiment_ana;ysis.py
[2024-07-02T16:24:04.330+0000] {logging_mixin.py:188} INFO - [2024-07-02T16:24:04.330+0000] {dag.py:3047} INFO - Sync 1 DAGs
[2024-07-02T16:24:04.348+0000] {logging_mixin.py:188} INFO - [2024-07-02T16:24:04.348+0000] {dag.py:3834} INFO - Setting next_dagrun for dag_sentiment_analysis to 2024-07-01 00:00:00+00:00, run_after=2024-07-02 00:00:00+00:00
[2024-07-02T16:24:04.372+0000] {processor.py:183} INFO - Processing /opt/airflow/dags/dag_sentiment_ana;ysis.py took 0.103 seconds
[2024-07-02T16:24:34.519+0000] {processor.py:161} INFO - Started process (PID=254) to work on /opt/airflow/dags/dag_sentiment_ana;ysis.py
[2024-07-02T16:24:34.521+0000] {processor.py:830} INFO - Processing file /opt/airflow/dags/dag_sentiment_ana;ysis.py for tasks to queue
[2024-07-02T16:24:34.522+0000] {logging_mixin.py:188} INFO - [2024-07-02T16:24:34.522+0000] {dagbag.py:540} INFO - Filling up the DagBag from /opt/airflow/dags/dag_sentiment_ana;ysis.py
[2024-07-02T16:24:34.555+0000] {processor.py:840} INFO - DAG(s) 'dag_sentiment_analysis' retrieved from /opt/airflow/dags/dag_sentiment_ana;ysis.py
[2024-07-02T16:24:34.586+0000] {logging_mixin.py:188} INFO - [2024-07-02T16:24:34.585+0000] {dag.py:3047} INFO - Sync 1 DAGs
[2024-07-02T16:24:34.619+0000] {logging_mixin.py:188} INFO - [2024-07-02T16:24:34.619+0000] {dag.py:3834} INFO - Setting next_dagrun for dag_sentiment_analysis to 2024-07-01 00:00:00+00:00, run_after=2024-07-02 00:00:00+00:00
[2024-07-02T16:24:34.642+0000] {processor.py:183} INFO - Processing /opt/airflow/dags/dag_sentiment_ana;ysis.py took 0.127 seconds
[2024-07-02T16:25:04.807+0000] {processor.py:161} INFO - Started process (PID=259) to work on /opt/airflow/dags/dag_sentiment_ana;ysis.py
[2024-07-02T16:25:04.809+0000] {processor.py:830} INFO - Processing file /opt/airflow/dags/dag_sentiment_ana;ysis.py for tasks to queue
[2024-07-02T16:25:04.810+0000] {logging_mixin.py:188} INFO - [2024-07-02T16:25:04.810+0000] {dagbag.py:540} INFO - Filling up the DagBag from /opt/airflow/dags/dag_sentiment_ana;ysis.py
[2024-07-02T16:25:04.847+0000] {processor.py:840} INFO - DAG(s) 'dag_sentiment_analysis' retrieved from /opt/airflow/dags/dag_sentiment_ana;ysis.py
[2024-07-02T16:25:04.883+0000] {logging_mixin.py:188} INFO - [2024-07-02T16:25:04.883+0000] {dag.py:3047} INFO - Sync 1 DAGs
[2024-07-02T16:25:04.912+0000] {logging_mixin.py:188} INFO - [2024-07-02T16:25:04.912+0000] {dag.py:3834} INFO - Setting next_dagrun for dag_sentiment_analysis to 2024-07-01 00:00:00+00:00, run_after=2024-07-02 00:00:00+00:00
[2024-07-02T16:25:04.944+0000] {processor.py:183} INFO - Processing /opt/airflow/dags/dag_sentiment_ana;ysis.py took 0.141 seconds
[2024-07-02T16:25:35.111+0000] {processor.py:161} INFO - Started process (PID=264) to work on /opt/airflow/dags/dag_sentiment_ana;ysis.py
[2024-07-02T16:25:35.113+0000] {processor.py:830} INFO - Processing file /opt/airflow/dags/dag_sentiment_ana;ysis.py for tasks to queue
[2024-07-02T16:25:35.114+0000] {logging_mixin.py:188} INFO - [2024-07-02T16:25:35.114+0000] {dagbag.py:540} INFO - Filling up the DagBag from /opt/airflow/dags/dag_sentiment_ana;ysis.py
[2024-07-02T16:25:35.149+0000] {processor.py:840} INFO - DAG(s) 'dag_sentiment_analysis' retrieved from /opt/airflow/dags/dag_sentiment_ana;ysis.py
[2024-07-02T16:25:35.173+0000] {logging_mixin.py:188} INFO - [2024-07-02T16:25:35.172+0000] {dag.py:3047} INFO - Sync 1 DAGs
[2024-07-02T16:25:35.193+0000] {logging_mixin.py:188} INFO - [2024-07-02T16:25:35.193+0000] {dag.py:3834} INFO - Setting next_dagrun for dag_sentiment_analysis to 2024-07-01 00:00:00+00:00, run_after=2024-07-02 00:00:00+00:00
[2024-07-02T16:25:35.221+0000] {processor.py:183} INFO - Processing /opt/airflow/dags/dag_sentiment_ana;ysis.py took 0.112 seconds
[2024-07-02T16:26:05.434+0000] {processor.py:161} INFO - Started process (PID=269) to work on /opt/airflow/dags/dag_sentiment_ana;ysis.py
[2024-07-02T16:26:05.436+0000] {processor.py:830} INFO - Processing file /opt/airflow/dags/dag_sentiment_ana;ysis.py for tasks to queue
[2024-07-02T16:26:05.437+0000] {logging_mixin.py:188} INFO - [2024-07-02T16:26:05.437+0000] {dagbag.py:540} INFO - Filling up the DagBag from /opt/airflow/dags/dag_sentiment_ana;ysis.py
[2024-07-02T16:26:05.464+0000] {processor.py:840} INFO - DAG(s) 'dag_sentiment_analysis' retrieved from /opt/airflow/dags/dag_sentiment_ana;ysis.py
[2024-07-02T16:26:05.492+0000] {logging_mixin.py:188} INFO - [2024-07-02T16:26:05.491+0000] {dag.py:3047} INFO - Sync 1 DAGs
[2024-07-02T16:26:05.513+0000] {logging_mixin.py:188} INFO - [2024-07-02T16:26:05.512+0000] {dag.py:3834} INFO - Setting next_dagrun for dag_sentiment_analysis to 2024-07-01 00:00:00+00:00, run_after=2024-07-02 00:00:00+00:00
[2024-07-02T16:26:05.537+0000] {processor.py:183} INFO - Processing /opt/airflow/dags/dag_sentiment_ana;ysis.py took 0.105 seconds
[2024-07-02T16:26:35.673+0000] {processor.py:161} INFO - Started process (PID=274) to work on /opt/airflow/dags/dag_sentiment_ana;ysis.py
[2024-07-02T16:26:35.674+0000] {processor.py:830} INFO - Processing file /opt/airflow/dags/dag_sentiment_ana;ysis.py for tasks to queue
[2024-07-02T16:26:35.675+0000] {logging_mixin.py:188} INFO - [2024-07-02T16:26:35.675+0000] {dagbag.py:540} INFO - Filling up the DagBag from /opt/airflow/dags/dag_sentiment_ana;ysis.py
[2024-07-02T16:26:35.703+0000] {processor.py:840} INFO - DAG(s) 'dag_sentiment_analysis' retrieved from /opt/airflow/dags/dag_sentiment_ana;ysis.py
[2024-07-02T16:26:35.730+0000] {logging_mixin.py:188} INFO - [2024-07-02T16:26:35.730+0000] {dag.py:3047} INFO - Sync 1 DAGs
[2024-07-02T16:26:35.754+0000] {logging_mixin.py:188} INFO - [2024-07-02T16:26:35.753+0000] {dag.py:3834} INFO - Setting next_dagrun for dag_sentiment_analysis to 2024-07-01 00:00:00+00:00, run_after=2024-07-02 00:00:00+00:00
[2024-07-02T16:26:35.780+0000] {processor.py:183} INFO - Processing /opt/airflow/dags/dag_sentiment_ana;ysis.py took 0.110 seconds
[2024-07-02T16:27:06.012+0000] {processor.py:161} INFO - Started process (PID=279) to work on /opt/airflow/dags/dag_sentiment_ana;ysis.py
[2024-07-02T16:27:06.014+0000] {processor.py:830} INFO - Processing file /opt/airflow/dags/dag_sentiment_ana;ysis.py for tasks to queue
[2024-07-02T16:27:06.016+0000] {logging_mixin.py:188} INFO - [2024-07-02T16:27:06.016+0000] {dagbag.py:540} INFO - Filling up the DagBag from /opt/airflow/dags/dag_sentiment_ana;ysis.py
[2024-07-02T16:27:06.044+0000] {processor.py:840} INFO - DAG(s) 'dag_sentiment_analysis' retrieved from /opt/airflow/dags/dag_sentiment_ana;ysis.py
[2024-07-02T16:27:06.094+0000] {logging_mixin.py:188} INFO - [2024-07-02T16:27:06.093+0000] {dag.py:3047} INFO - Sync 1 DAGs
[2024-07-02T16:27:06.117+0000] {logging_mixin.py:188} INFO - [2024-07-02T16:27:06.117+0000] {dag.py:3834} INFO - Setting next_dagrun for dag_sentiment_analysis to 2024-07-01 00:00:00+00:00, run_after=2024-07-02 00:00:00+00:00
[2024-07-02T16:27:06.138+0000] {processor.py:183} INFO - Processing /opt/airflow/dags/dag_sentiment_ana;ysis.py took 0.130 seconds
[2024-07-02T16:27:36.403+0000] {processor.py:161} INFO - Started process (PID=284) to work on /opt/airflow/dags/dag_sentiment_ana;ysis.py
[2024-07-02T16:27:36.405+0000] {processor.py:830} INFO - Processing file /opt/airflow/dags/dag_sentiment_ana;ysis.py for tasks to queue
[2024-07-02T16:27:36.408+0000] {logging_mixin.py:188} INFO - [2024-07-02T16:27:36.407+0000] {dagbag.py:540} INFO - Filling up the DagBag from /opt/airflow/dags/dag_sentiment_ana;ysis.py
[2024-07-02T16:27:36.469+0000] {processor.py:840} INFO - DAG(s) 'dag_sentiment_analysis' retrieved from /opt/airflow/dags/dag_sentiment_ana;ysis.py
[2024-07-02T16:27:36.495+0000] {logging_mixin.py:188} INFO - [2024-07-02T16:27:36.495+0000] {dag.py:3047} INFO - Sync 1 DAGs
[2024-07-02T16:27:36.515+0000] {logging_mixin.py:188} INFO - [2024-07-02T16:27:36.515+0000] {dag.py:3834} INFO - Setting next_dagrun for dag_sentiment_analysis to 2024-07-01 00:00:00+00:00, run_after=2024-07-02 00:00:00+00:00
[2024-07-02T16:27:36.537+0000] {processor.py:183} INFO - Processing /opt/airflow/dags/dag_sentiment_ana;ysis.py took 0.140 seconds
[2024-07-02T16:28:06.667+0000] {processor.py:161} INFO - Started process (PID=289) to work on /opt/airflow/dags/dag_sentiment_ana;ysis.py
[2024-07-02T16:28:06.668+0000] {processor.py:830} INFO - Processing file /opt/airflow/dags/dag_sentiment_ana;ysis.py for tasks to queue
[2024-07-02T16:28:06.669+0000] {logging_mixin.py:188} INFO - [2024-07-02T16:28:06.669+0000] {dagbag.py:540} INFO - Filling up the DagBag from /opt/airflow/dags/dag_sentiment_ana;ysis.py
[2024-07-02T16:28:06.692+0000] {processor.py:840} INFO - DAG(s) 'dag_sentiment_analysis' retrieved from /opt/airflow/dags/dag_sentiment_ana;ysis.py
[2024-07-02T16:28:06.717+0000] {logging_mixin.py:188} INFO - [2024-07-02T16:28:06.717+0000] {dag.py:3047} INFO - Sync 1 DAGs
[2024-07-02T16:28:06.740+0000] {logging_mixin.py:188} INFO - [2024-07-02T16:28:06.739+0000] {dag.py:3834} INFO - Setting next_dagrun for dag_sentiment_analysis to 2024-07-01 00:00:00+00:00, run_after=2024-07-02 00:00:00+00:00
[2024-07-02T16:28:06.759+0000] {processor.py:183} INFO - Processing /opt/airflow/dags/dag_sentiment_ana;ysis.py took 0.095 seconds
[2024-07-02T16:28:36.910+0000] {processor.py:161} INFO - Started process (PID=294) to work on /opt/airflow/dags/dag_sentiment_ana;ysis.py
[2024-07-02T16:28:36.911+0000] {processor.py:830} INFO - Processing file /opt/airflow/dags/dag_sentiment_ana;ysis.py for tasks to queue
[2024-07-02T16:28:36.912+0000] {logging_mixin.py:188} INFO - [2024-07-02T16:28:36.912+0000] {dagbag.py:540} INFO - Filling up the DagBag from /opt/airflow/dags/dag_sentiment_ana;ysis.py
[2024-07-02T16:28:36.932+0000] {processor.py:840} INFO - DAG(s) 'dag_sentiment_analysis' retrieved from /opt/airflow/dags/dag_sentiment_ana;ysis.py
[2024-07-02T16:28:36.957+0000] {logging_mixin.py:188} INFO - [2024-07-02T16:28:36.956+0000] {dag.py:3047} INFO - Sync 1 DAGs
[2024-07-02T16:28:36.978+0000] {logging_mixin.py:188} INFO - [2024-07-02T16:28:36.978+0000] {dag.py:3834} INFO - Setting next_dagrun for dag_sentiment_analysis to 2024-07-01 00:00:00+00:00, run_after=2024-07-02 00:00:00+00:00
[2024-07-02T16:28:36.998+0000] {processor.py:183} INFO - Processing /opt/airflow/dags/dag_sentiment_ana;ysis.py took 0.090 seconds
[2024-07-02T16:29:07.152+0000] {processor.py:161} INFO - Started process (PID=299) to work on /opt/airflow/dags/dag_sentiment_ana;ysis.py
[2024-07-02T16:29:07.153+0000] {processor.py:830} INFO - Processing file /opt/airflow/dags/dag_sentiment_ana;ysis.py for tasks to queue
[2024-07-02T16:29:07.154+0000] {logging_mixin.py:188} INFO - [2024-07-02T16:29:07.154+0000] {dagbag.py:540} INFO - Filling up the DagBag from /opt/airflow/dags/dag_sentiment_ana;ysis.py
[2024-07-02T16:29:07.181+0000] {processor.py:840} INFO - DAG(s) 'dag_sentiment_analysis' retrieved from /opt/airflow/dags/dag_sentiment_ana;ysis.py
[2024-07-02T16:29:07.205+0000] {logging_mixin.py:188} INFO - [2024-07-02T16:29:07.204+0000] {dag.py:3047} INFO - Sync 1 DAGs
[2024-07-02T16:29:07.223+0000] {logging_mixin.py:188} INFO - [2024-07-02T16:29:07.223+0000] {dag.py:3834} INFO - Setting next_dagrun for dag_sentiment_analysis to 2024-07-01 00:00:00+00:00, run_after=2024-07-02 00:00:00+00:00
[2024-07-02T16:29:07.241+0000] {processor.py:183} INFO - Processing /opt/airflow/dags/dag_sentiment_ana;ysis.py took 0.091 seconds
[2024-07-02T16:29:37.318+0000] {processor.py:161} INFO - Started process (PID=304) to work on /opt/airflow/dags/dag_sentiment_ana;ysis.py
[2024-07-02T16:29:37.319+0000] {processor.py:830} INFO - Processing file /opt/airflow/dags/dag_sentiment_ana;ysis.py for tasks to queue
[2024-07-02T16:29:37.320+0000] {logging_mixin.py:188} INFO - [2024-07-02T16:29:37.320+0000] {dagbag.py:540} INFO - Filling up the DagBag from /opt/airflow/dags/dag_sentiment_ana;ysis.py
[2024-07-02T16:29:37.347+0000] {processor.py:840} INFO - DAG(s) 'dag_sentiment_analysis' retrieved from /opt/airflow/dags/dag_sentiment_ana;ysis.py
[2024-07-02T16:29:37.375+0000] {logging_mixin.py:188} INFO - [2024-07-02T16:29:37.375+0000] {dag.py:3047} INFO - Sync 1 DAGs
[2024-07-02T16:29:37.405+0000] {logging_mixin.py:188} INFO - [2024-07-02T16:29:37.404+0000] {dag.py:3834} INFO - Setting next_dagrun for dag_sentiment_analysis to 2024-07-01 00:00:00+00:00, run_after=2024-07-02 00:00:00+00:00
[2024-07-02T16:29:37.427+0000] {processor.py:183} INFO - Processing /opt/airflow/dags/dag_sentiment_ana;ysis.py took 0.114 seconds
[2024-07-02T16:30:07.597+0000] {processor.py:161} INFO - Started process (PID=309) to work on /opt/airflow/dags/dag_sentiment_ana;ysis.py
[2024-07-02T16:30:07.598+0000] {processor.py:830} INFO - Processing file /opt/airflow/dags/dag_sentiment_ana;ysis.py for tasks to queue
[2024-07-02T16:30:07.600+0000] {logging_mixin.py:188} INFO - [2024-07-02T16:30:07.599+0000] {dagbag.py:540} INFO - Filling up the DagBag from /opt/airflow/dags/dag_sentiment_ana;ysis.py
[2024-07-02T16:30:07.631+0000] {processor.py:840} INFO - DAG(s) 'dag_sentiment_analysis' retrieved from /opt/airflow/dags/dag_sentiment_ana;ysis.py
[2024-07-02T16:30:07.664+0000] {logging_mixin.py:188} INFO - [2024-07-02T16:30:07.664+0000] {dag.py:3047} INFO - Sync 1 DAGs
[2024-07-02T16:30:07.696+0000] {logging_mixin.py:188} INFO - [2024-07-02T16:30:07.696+0000] {dag.py:3834} INFO - Setting next_dagrun for dag_sentiment_analysis to 2024-07-01 00:00:00+00:00, run_after=2024-07-02 00:00:00+00:00
[2024-07-02T16:30:07.725+0000] {processor.py:183} INFO - Processing /opt/airflow/dags/dag_sentiment_ana;ysis.py took 0.132 seconds
[2024-07-02T16:30:37.792+0000] {processor.py:161} INFO - Started process (PID=314) to work on /opt/airflow/dags/dag_sentiment_ana;ysis.py
[2024-07-02T16:30:37.794+0000] {processor.py:830} INFO - Processing file /opt/airflow/dags/dag_sentiment_ana;ysis.py for tasks to queue
[2024-07-02T16:30:37.795+0000] {logging_mixin.py:188} INFO - [2024-07-02T16:30:37.795+0000] {dagbag.py:540} INFO - Filling up the DagBag from /opt/airflow/dags/dag_sentiment_ana;ysis.py
[2024-07-02T16:30:37.826+0000] {processor.py:840} INFO - DAG(s) 'dag_sentiment_analysis' retrieved from /opt/airflow/dags/dag_sentiment_ana;ysis.py
[2024-07-02T16:30:37.850+0000] {logging_mixin.py:188} INFO - [2024-07-02T16:30:37.850+0000] {dag.py:3047} INFO - Sync 1 DAGs
[2024-07-02T16:30:37.881+0000] {logging_mixin.py:188} INFO - [2024-07-02T16:30:37.881+0000] {dag.py:3834} INFO - Setting next_dagrun for dag_sentiment_analysis to 2024-07-01 00:00:00+00:00, run_after=2024-07-02 00:00:00+00:00
[2024-07-02T16:30:37.905+0000] {processor.py:183} INFO - Processing /opt/airflow/dags/dag_sentiment_ana;ysis.py took 0.116 seconds
[2024-07-02T16:31:08.069+0000] {processor.py:161} INFO - Started process (PID=319) to work on /opt/airflow/dags/dag_sentiment_ana;ysis.py
[2024-07-02T16:31:08.070+0000] {processor.py:830} INFO - Processing file /opt/airflow/dags/dag_sentiment_ana;ysis.py for tasks to queue
[2024-07-02T16:31:08.071+0000] {logging_mixin.py:188} INFO - [2024-07-02T16:31:08.071+0000] {dagbag.py:540} INFO - Filling up the DagBag from /opt/airflow/dags/dag_sentiment_ana;ysis.py
[2024-07-02T16:31:08.092+0000] {processor.py:840} INFO - DAG(s) 'dag_sentiment_analysis' retrieved from /opt/airflow/dags/dag_sentiment_ana;ysis.py
[2024-07-02T16:31:08.115+0000] {logging_mixin.py:188} INFO - [2024-07-02T16:31:08.115+0000] {dag.py:3047} INFO - Sync 1 DAGs
[2024-07-02T16:31:08.134+0000] {logging_mixin.py:188} INFO - [2024-07-02T16:31:08.134+0000] {dag.py:3834} INFO - Setting next_dagrun for dag_sentiment_analysis to 2024-07-01 00:00:00+00:00, run_after=2024-07-02 00:00:00+00:00
[2024-07-02T16:31:08.153+0000] {processor.py:183} INFO - Processing /opt/airflow/dags/dag_sentiment_ana;ysis.py took 0.087 seconds
[2024-07-02T16:31:38.253+0000] {processor.py:161} INFO - Started process (PID=324) to work on /opt/airflow/dags/dag_sentiment_ana;ysis.py
[2024-07-02T16:31:38.254+0000] {processor.py:830} INFO - Processing file /opt/airflow/dags/dag_sentiment_ana;ysis.py for tasks to queue
[2024-07-02T16:31:38.256+0000] {logging_mixin.py:188} INFO - [2024-07-02T16:31:38.255+0000] {dagbag.py:540} INFO - Filling up the DagBag from /opt/airflow/dags/dag_sentiment_ana;ysis.py
[2024-07-02T16:31:38.279+0000] {processor.py:840} INFO - DAG(s) 'dag_sentiment_analysis' retrieved from /opt/airflow/dags/dag_sentiment_ana;ysis.py
[2024-07-02T16:31:38.317+0000] {logging_mixin.py:188} INFO - [2024-07-02T16:31:38.317+0000] {dag.py:3047} INFO - Sync 1 DAGs
[2024-07-02T16:31:38.359+0000] {logging_mixin.py:188} INFO - [2024-07-02T16:31:38.358+0000] {dag.py:3834} INFO - Setting next_dagrun for dag_sentiment_analysis to 2024-07-01 00:00:00+00:00, run_after=2024-07-02 00:00:00+00:00
[2024-07-02T16:31:38.400+0000] {processor.py:183} INFO - Processing /opt/airflow/dags/dag_sentiment_ana;ysis.py took 0.150 seconds
[2024-07-02T16:32:08.484+0000] {processor.py:161} INFO - Started process (PID=329) to work on /opt/airflow/dags/dag_sentiment_ana;ysis.py
[2024-07-02T16:32:08.485+0000] {processor.py:830} INFO - Processing file /opt/airflow/dags/dag_sentiment_ana;ysis.py for tasks to queue
[2024-07-02T16:32:08.486+0000] {logging_mixin.py:188} INFO - [2024-07-02T16:32:08.486+0000] {dagbag.py:540} INFO - Filling up the DagBag from /opt/airflow/dags/dag_sentiment_ana;ysis.py
[2024-07-02T16:32:08.509+0000] {processor.py:840} INFO - DAG(s) 'dag_sentiment_analysis' retrieved from /opt/airflow/dags/dag_sentiment_ana;ysis.py
[2024-07-02T16:32:08.531+0000] {logging_mixin.py:188} INFO - [2024-07-02T16:32:08.531+0000] {dag.py:3047} INFO - Sync 1 DAGs
[2024-07-02T16:32:08.555+0000] {logging_mixin.py:188} INFO - [2024-07-02T16:32:08.555+0000] {dag.py:3834} INFO - Setting next_dagrun for dag_sentiment_analysis to 2024-07-01 00:00:00+00:00, run_after=2024-07-02 00:00:00+00:00
[2024-07-02T16:32:08.572+0000] {processor.py:183} INFO - Processing /opt/airflow/dags/dag_sentiment_ana;ysis.py took 0.091 seconds
[2024-07-02T16:32:38.738+0000] {processor.py:161} INFO - Started process (PID=334) to work on /opt/airflow/dags/dag_sentiment_ana;ysis.py
[2024-07-02T16:32:38.739+0000] {processor.py:830} INFO - Processing file /opt/airflow/dags/dag_sentiment_ana;ysis.py for tasks to queue
[2024-07-02T16:32:38.740+0000] {logging_mixin.py:188} INFO - [2024-07-02T16:32:38.740+0000] {dagbag.py:540} INFO - Filling up the DagBag from /opt/airflow/dags/dag_sentiment_ana;ysis.py
[2024-07-02T16:32:38.760+0000] {processor.py:840} INFO - DAG(s) 'dag_sentiment_analysis' retrieved from /opt/airflow/dags/dag_sentiment_ana;ysis.py
[2024-07-02T16:32:38.784+0000] {logging_mixin.py:188} INFO - [2024-07-02T16:32:38.783+0000] {dag.py:3047} INFO - Sync 1 DAGs
[2024-07-02T16:32:38.802+0000] {logging_mixin.py:188} INFO - [2024-07-02T16:32:38.802+0000] {dag.py:3834} INFO - Setting next_dagrun for dag_sentiment_analysis to 2024-07-01 00:00:00+00:00, run_after=2024-07-02 00:00:00+00:00
[2024-07-02T16:32:38.819+0000] {processor.py:183} INFO - Processing /opt/airflow/dags/dag_sentiment_ana;ysis.py took 0.083 seconds
[2024-07-02T16:33:08.927+0000] {processor.py:161} INFO - Started process (PID=339) to work on /opt/airflow/dags/dag_sentiment_ana;ysis.py
[2024-07-02T16:33:08.928+0000] {processor.py:830} INFO - Processing file /opt/airflow/dags/dag_sentiment_ana;ysis.py for tasks to queue
[2024-07-02T16:33:08.929+0000] {logging_mixin.py:188} INFO - [2024-07-02T16:33:08.929+0000] {dagbag.py:540} INFO - Filling up the DagBag from /opt/airflow/dags/dag_sentiment_ana;ysis.py
[2024-07-02T16:33:08.954+0000] {processor.py:840} INFO - DAG(s) 'dag_sentiment_analysis' retrieved from /opt/airflow/dags/dag_sentiment_ana;ysis.py
[2024-07-02T16:33:08.983+0000] {logging_mixin.py:188} INFO - [2024-07-02T16:33:08.982+0000] {dag.py:3047} INFO - Sync 1 DAGs
[2024-07-02T16:33:09.005+0000] {logging_mixin.py:188} INFO - [2024-07-02T16:33:09.005+0000] {dag.py:3834} INFO - Setting next_dagrun for dag_sentiment_analysis to 2024-07-01 00:00:00+00:00, run_after=2024-07-02 00:00:00+00:00
[2024-07-02T16:33:09.025+0000] {processor.py:183} INFO - Processing /opt/airflow/dags/dag_sentiment_ana;ysis.py took 0.102 seconds
[2024-07-02T16:33:39.193+0000] {processor.py:161} INFO - Started process (PID=344) to work on /opt/airflow/dags/dag_sentiment_ana;ysis.py
[2024-07-02T16:33:39.194+0000] {processor.py:830} INFO - Processing file /opt/airflow/dags/dag_sentiment_ana;ysis.py for tasks to queue
[2024-07-02T16:33:39.195+0000] {logging_mixin.py:188} INFO - [2024-07-02T16:33:39.195+0000] {dagbag.py:540} INFO - Filling up the DagBag from /opt/airflow/dags/dag_sentiment_ana;ysis.py
[2024-07-02T16:33:39.225+0000] {processor.py:840} INFO - DAG(s) 'dag_sentiment_analysis' retrieved from /opt/airflow/dags/dag_sentiment_ana;ysis.py
[2024-07-02T16:33:39.251+0000] {logging_mixin.py:188} INFO - [2024-07-02T16:33:39.251+0000] {dag.py:3047} INFO - Sync 1 DAGs
[2024-07-02T16:33:39.271+0000] {logging_mixin.py:188} INFO - [2024-07-02T16:33:39.271+0000] {dag.py:3834} INFO - Setting next_dagrun for dag_sentiment_analysis to 2024-07-01 00:00:00+00:00, run_after=2024-07-02 00:00:00+00:00
[2024-07-02T16:33:39.291+0000] {processor.py:183} INFO - Processing /opt/airflow/dags/dag_sentiment_ana;ysis.py took 0.100 seconds
[2024-07-02T16:34:09.484+0000] {processor.py:161} INFO - Started process (PID=349) to work on /opt/airflow/dags/dag_sentiment_ana;ysis.py
[2024-07-02T16:34:09.485+0000] {processor.py:830} INFO - Processing file /opt/airflow/dags/dag_sentiment_ana;ysis.py for tasks to queue
[2024-07-02T16:34:09.486+0000] {logging_mixin.py:188} INFO - [2024-07-02T16:34:09.486+0000] {dagbag.py:540} INFO - Filling up the DagBag from /opt/airflow/dags/dag_sentiment_ana;ysis.py
[2024-07-02T16:34:09.513+0000] {processor.py:840} INFO - DAG(s) 'dag_sentiment_analysis' retrieved from /opt/airflow/dags/dag_sentiment_ana;ysis.py
[2024-07-02T16:34:09.538+0000] {logging_mixin.py:188} INFO - [2024-07-02T16:34:09.537+0000] {dag.py:3047} INFO - Sync 1 DAGs
[2024-07-02T16:34:09.561+0000] {logging_mixin.py:188} INFO - [2024-07-02T16:34:09.561+0000] {dag.py:3834} INFO - Setting next_dagrun for dag_sentiment_analysis to 2024-07-01 00:00:00+00:00, run_after=2024-07-02 00:00:00+00:00
[2024-07-02T16:34:09.588+0000] {processor.py:183} INFO - Processing /opt/airflow/dags/dag_sentiment_ana;ysis.py took 0.107 seconds
[2024-07-02T16:34:39.744+0000] {processor.py:161} INFO - Started process (PID=354) to work on /opt/airflow/dags/dag_sentiment_ana;ysis.py
[2024-07-02T16:34:39.745+0000] {processor.py:830} INFO - Processing file /opt/airflow/dags/dag_sentiment_ana;ysis.py for tasks to queue
[2024-07-02T16:34:39.746+0000] {logging_mixin.py:188} INFO - [2024-07-02T16:34:39.746+0000] {dagbag.py:540} INFO - Filling up the DagBag from /opt/airflow/dags/dag_sentiment_ana;ysis.py
[2024-07-02T16:34:39.778+0000] {processor.py:840} INFO - DAG(s) 'dag_sentiment_analysis' retrieved from /opt/airflow/dags/dag_sentiment_ana;ysis.py
[2024-07-02T16:34:39.801+0000] {logging_mixin.py:188} INFO - [2024-07-02T16:34:39.801+0000] {dag.py:3047} INFO - Sync 1 DAGs
[2024-07-02T16:34:39.821+0000] {logging_mixin.py:188} INFO - [2024-07-02T16:34:39.820+0000] {dag.py:3834} INFO - Setting next_dagrun for dag_sentiment_analysis to 2024-07-01 00:00:00+00:00, run_after=2024-07-02 00:00:00+00:00
[2024-07-02T16:34:39.847+0000] {processor.py:183} INFO - Processing /opt/airflow/dags/dag_sentiment_ana;ysis.py took 0.106 seconds
[2024-07-02T16:35:10.024+0000] {processor.py:161} INFO - Started process (PID=359) to work on /opt/airflow/dags/dag_sentiment_ana;ysis.py
[2024-07-02T16:35:10.025+0000] {processor.py:830} INFO - Processing file /opt/airflow/dags/dag_sentiment_ana;ysis.py for tasks to queue
[2024-07-02T16:35:10.026+0000] {logging_mixin.py:188} INFO - [2024-07-02T16:35:10.026+0000] {dagbag.py:540} INFO - Filling up the DagBag from /opt/airflow/dags/dag_sentiment_ana;ysis.py
[2024-07-02T16:35:10.055+0000] {processor.py:840} INFO - DAG(s) 'dag_sentiment_analysis' retrieved from /opt/airflow/dags/dag_sentiment_ana;ysis.py
[2024-07-02T16:35:10.076+0000] {logging_mixin.py:188} INFO - [2024-07-02T16:35:10.076+0000] {dag.py:3047} INFO - Sync 1 DAGs
[2024-07-02T16:35:10.096+0000] {logging_mixin.py:188} INFO - [2024-07-02T16:35:10.096+0000] {dag.py:3834} INFO - Setting next_dagrun for dag_sentiment_analysis to 2024-07-01 00:00:00+00:00, run_after=2024-07-02 00:00:00+00:00
[2024-07-02T16:35:10.121+0000] {processor.py:183} INFO - Processing /opt/airflow/dags/dag_sentiment_ana;ysis.py took 0.100 seconds
[2024-07-02T16:35:40.281+0000] {processor.py:161} INFO - Started process (PID=364) to work on /opt/airflow/dags/dag_sentiment_ana;ysis.py
[2024-07-02T16:35:40.282+0000] {processor.py:830} INFO - Processing file /opt/airflow/dags/dag_sentiment_ana;ysis.py for tasks to queue
[2024-07-02T16:35:40.284+0000] {logging_mixin.py:188} INFO - [2024-07-02T16:35:40.283+0000] {dagbag.py:540} INFO - Filling up the DagBag from /opt/airflow/dags/dag_sentiment_ana;ysis.py
[2024-07-02T16:35:40.313+0000] {processor.py:840} INFO - DAG(s) 'dag_sentiment_analysis' retrieved from /opt/airflow/dags/dag_sentiment_ana;ysis.py
[2024-07-02T16:35:40.342+0000] {logging_mixin.py:188} INFO - [2024-07-02T16:35:40.342+0000] {dag.py:3047} INFO - Sync 1 DAGs
[2024-07-02T16:35:40.366+0000] {logging_mixin.py:188} INFO - [2024-07-02T16:35:40.366+0000] {dag.py:3834} INFO - Setting next_dagrun for dag_sentiment_analysis to 2024-07-01 00:00:00+00:00, run_after=2024-07-02 00:00:00+00:00
[2024-07-02T16:35:40.388+0000] {processor.py:183} INFO - Processing /opt/airflow/dags/dag_sentiment_ana;ysis.py took 0.111 seconds
[2024-07-02T16:36:10.580+0000] {processor.py:161} INFO - Started process (PID=369) to work on /opt/airflow/dags/dag_sentiment_ana;ysis.py
[2024-07-02T16:36:10.581+0000] {processor.py:830} INFO - Processing file /opt/airflow/dags/dag_sentiment_ana;ysis.py for tasks to queue
[2024-07-02T16:36:10.581+0000] {logging_mixin.py:188} INFO - [2024-07-02T16:36:10.581+0000] {dagbag.py:540} INFO - Filling up the DagBag from /opt/airflow/dags/dag_sentiment_ana;ysis.py
[2024-07-02T16:36:10.610+0000] {processor.py:840} INFO - DAG(s) 'dag_sentiment_analysis' retrieved from /opt/airflow/dags/dag_sentiment_ana;ysis.py
[2024-07-02T16:36:10.632+0000] {logging_mixin.py:188} INFO - [2024-07-02T16:36:10.632+0000] {dag.py:3047} INFO - Sync 1 DAGs
[2024-07-02T16:36:10.649+0000] {logging_mixin.py:188} INFO - [2024-07-02T16:36:10.649+0000] {dag.py:3834} INFO - Setting next_dagrun for dag_sentiment_analysis to 2024-07-01 00:00:00+00:00, run_after=2024-07-02 00:00:00+00:00
[2024-07-02T16:36:10.668+0000] {processor.py:183} INFO - Processing /opt/airflow/dags/dag_sentiment_ana;ysis.py took 0.091 seconds
[2024-07-02T16:36:40.907+0000] {processor.py:161} INFO - Started process (PID=374) to work on /opt/airflow/dags/dag_sentiment_ana;ysis.py
[2024-07-02T16:36:40.908+0000] {processor.py:830} INFO - Processing file /opt/airflow/dags/dag_sentiment_ana;ysis.py for tasks to queue
[2024-07-02T16:36:40.909+0000] {logging_mixin.py:188} INFO - [2024-07-02T16:36:40.908+0000] {dagbag.py:540} INFO - Filling up the DagBag from /opt/airflow/dags/dag_sentiment_ana;ysis.py
[2024-07-02T16:36:40.930+0000] {processor.py:840} INFO - DAG(s) 'dag_sentiment_analysis' retrieved from /opt/airflow/dags/dag_sentiment_ana;ysis.py
[2024-07-02T16:36:40.959+0000] {logging_mixin.py:188} INFO - [2024-07-02T16:36:40.959+0000] {dag.py:3047} INFO - Sync 1 DAGs
[2024-07-02T16:36:40.978+0000] {logging_mixin.py:188} INFO - [2024-07-02T16:36:40.977+0000] {dag.py:3834} INFO - Setting next_dagrun for dag_sentiment_analysis to 2024-07-01 00:00:00+00:00, run_after=2024-07-02 00:00:00+00:00
[2024-07-02T16:36:40.997+0000] {processor.py:183} INFO - Processing /opt/airflow/dags/dag_sentiment_ana;ysis.py took 0.093 seconds
[2024-07-02T16:37:11.179+0000] {processor.py:161} INFO - Started process (PID=379) to work on /opt/airflow/dags/dag_sentiment_ana;ysis.py
[2024-07-02T16:37:11.182+0000] {processor.py:830} INFO - Processing file /opt/airflow/dags/dag_sentiment_ana;ysis.py for tasks to queue
[2024-07-02T16:37:11.183+0000] {logging_mixin.py:188} INFO - [2024-07-02T16:37:11.183+0000] {dagbag.py:540} INFO - Filling up the DagBag from /opt/airflow/dags/dag_sentiment_ana;ysis.py
[2024-07-02T16:37:11.212+0000] {processor.py:840} INFO - DAG(s) 'dag_sentiment_analysis' retrieved from /opt/airflow/dags/dag_sentiment_ana;ysis.py
[2024-07-02T16:37:11.237+0000] {logging_mixin.py:188} INFO - [2024-07-02T16:37:11.237+0000] {dag.py:3047} INFO - Sync 1 DAGs
[2024-07-02T16:37:11.261+0000] {logging_mixin.py:188} INFO - [2024-07-02T16:37:11.261+0000] {dag.py:3834} INFO - Setting next_dagrun for dag_sentiment_analysis to 2024-07-01 00:00:00+00:00, run_after=2024-07-02 00:00:00+00:00
[2024-07-02T16:37:11.284+0000] {processor.py:183} INFO - Processing /opt/airflow/dags/dag_sentiment_ana;ysis.py took 0.108 seconds
[2024-07-02T16:37:41.487+0000] {processor.py:161} INFO - Started process (PID=384) to work on /opt/airflow/dags/dag_sentiment_ana;ysis.py
[2024-07-02T16:37:41.488+0000] {processor.py:830} INFO - Processing file /opt/airflow/dags/dag_sentiment_ana;ysis.py for tasks to queue
[2024-07-02T16:37:41.489+0000] {logging_mixin.py:188} INFO - [2024-07-02T16:37:41.489+0000] {dagbag.py:540} INFO - Filling up the DagBag from /opt/airflow/dags/dag_sentiment_ana;ysis.py
[2024-07-02T16:37:41.518+0000] {processor.py:840} INFO - DAG(s) 'dag_sentiment_analysis' retrieved from /opt/airflow/dags/dag_sentiment_ana;ysis.py
[2024-07-02T16:37:41.542+0000] {logging_mixin.py:188} INFO - [2024-07-02T16:37:41.542+0000] {dag.py:3047} INFO - Sync 1 DAGs
[2024-07-02T16:37:41.562+0000] {logging_mixin.py:188} INFO - [2024-07-02T16:37:41.562+0000] {dag.py:3834} INFO - Setting next_dagrun for dag_sentiment_analysis to 2024-07-01 00:00:00+00:00, run_after=2024-07-02 00:00:00+00:00
[2024-07-02T16:37:41.584+0000] {processor.py:183} INFO - Processing /opt/airflow/dags/dag_sentiment_ana;ysis.py took 0.100 seconds
[2024-07-02T16:38:11.811+0000] {processor.py:161} INFO - Started process (PID=389) to work on /opt/airflow/dags/dag_sentiment_ana;ysis.py
[2024-07-02T16:38:11.813+0000] {processor.py:830} INFO - Processing file /opt/airflow/dags/dag_sentiment_ana;ysis.py for tasks to queue
[2024-07-02T16:38:11.814+0000] {logging_mixin.py:188} INFO - [2024-07-02T16:38:11.814+0000] {dagbag.py:540} INFO - Filling up the DagBag from /opt/airflow/dags/dag_sentiment_ana;ysis.py
[2024-07-02T16:38:11.844+0000] {processor.py:840} INFO - DAG(s) 'dag_sentiment_analysis' retrieved from /opt/airflow/dags/dag_sentiment_ana;ysis.py
[2024-07-02T16:38:11.871+0000] {logging_mixin.py:188} INFO - [2024-07-02T16:38:11.871+0000] {dag.py:3047} INFO - Sync 1 DAGs
[2024-07-02T16:38:11.892+0000] {logging_mixin.py:188} INFO - [2024-07-02T16:38:11.892+0000] {dag.py:3834} INFO - Setting next_dagrun for dag_sentiment_analysis to 2024-07-01 00:00:00+00:00, run_after=2024-07-02 00:00:00+00:00
[2024-07-02T16:38:11.911+0000] {processor.py:183} INFO - Processing /opt/airflow/dags/dag_sentiment_ana;ysis.py took 0.104 seconds
[2024-07-02T16:38:42.047+0000] {processor.py:161} INFO - Started process (PID=394) to work on /opt/airflow/dags/dag_sentiment_ana;ysis.py
[2024-07-02T16:38:42.047+0000] {processor.py:830} INFO - Processing file /opt/airflow/dags/dag_sentiment_ana;ysis.py for tasks to queue
[2024-07-02T16:38:42.049+0000] {logging_mixin.py:188} INFO - [2024-07-02T16:38:42.048+0000] {dagbag.py:540} INFO - Filling up the DagBag from /opt/airflow/dags/dag_sentiment_ana;ysis.py
[2024-07-02T16:38:42.075+0000] {processor.py:840} INFO - DAG(s) 'dag_sentiment_analysis' retrieved from /opt/airflow/dags/dag_sentiment_ana;ysis.py
[2024-07-02T16:38:42.098+0000] {logging_mixin.py:188} INFO - [2024-07-02T16:38:42.098+0000] {dag.py:3047} INFO - Sync 1 DAGs
[2024-07-02T16:38:42.117+0000] {logging_mixin.py:188} INFO - [2024-07-02T16:38:42.117+0000] {dag.py:3834} INFO - Setting next_dagrun for dag_sentiment_analysis to 2024-07-01 00:00:00+00:00, run_after=2024-07-02 00:00:00+00:00
[2024-07-02T16:38:42.138+0000] {processor.py:183} INFO - Processing /opt/airflow/dags/dag_sentiment_ana;ysis.py took 0.094 seconds
[2024-07-02T16:39:12.444+0000] {processor.py:161} INFO - Started process (PID=399) to work on /opt/airflow/dags/dag_sentiment_ana;ysis.py
[2024-07-02T16:39:12.446+0000] {processor.py:830} INFO - Processing file /opt/airflow/dags/dag_sentiment_ana;ysis.py for tasks to queue
[2024-07-02T16:39:12.447+0000] {logging_mixin.py:188} INFO - [2024-07-02T16:39:12.447+0000] {dagbag.py:540} INFO - Filling up the DagBag from /opt/airflow/dags/dag_sentiment_ana;ysis.py
[2024-07-02T16:39:12.478+0000] {processor.py:840} INFO - DAG(s) 'dag_sentiment_analysis' retrieved from /opt/airflow/dags/dag_sentiment_ana;ysis.py
[2024-07-02T16:39:12.499+0000] {logging_mixin.py:188} INFO - [2024-07-02T16:39:12.499+0000] {dag.py:3047} INFO - Sync 1 DAGs
[2024-07-02T16:39:12.523+0000] {logging_mixin.py:188} INFO - [2024-07-02T16:39:12.523+0000] {dag.py:3834} INFO - Setting next_dagrun for dag_sentiment_analysis to 2024-07-01 00:00:00+00:00, run_after=2024-07-02 00:00:00+00:00
[2024-07-02T16:39:12.550+0000] {processor.py:183} INFO - Processing /opt/airflow/dags/dag_sentiment_ana;ysis.py took 0.108 seconds
[2024-07-02T16:39:42.689+0000] {processor.py:161} INFO - Started process (PID=404) to work on /opt/airflow/dags/dag_sentiment_ana;ysis.py
[2024-07-02T16:39:42.690+0000] {processor.py:830} INFO - Processing file /opt/airflow/dags/dag_sentiment_ana;ysis.py for tasks to queue
[2024-07-02T16:39:42.692+0000] {logging_mixin.py:188} INFO - [2024-07-02T16:39:42.691+0000] {dagbag.py:540} INFO - Filling up the DagBag from /opt/airflow/dags/dag_sentiment_ana;ysis.py
[2024-07-02T16:39:42.731+0000] {processor.py:840} INFO - DAG(s) 'dag_sentiment_analysis' retrieved from /opt/airflow/dags/dag_sentiment_ana;ysis.py
[2024-07-02T16:39:42.758+0000] {logging_mixin.py:188} INFO - [2024-07-02T16:39:42.756+0000] {dag.py:3047} INFO - Sync 1 DAGs
[2024-07-02T16:39:42.783+0000] {logging_mixin.py:188} INFO - [2024-07-02T16:39:42.783+0000] {dag.py:3834} INFO - Setting next_dagrun for dag_sentiment_analysis to 2024-07-01 00:00:00+00:00, run_after=2024-07-02 00:00:00+00:00
[2024-07-02T16:39:42.805+0000] {processor.py:183} INFO - Processing /opt/airflow/dags/dag_sentiment_ana;ysis.py took 0.119 seconds
[2024-07-02T16:40:13.028+0000] {processor.py:161} INFO - Started process (PID=409) to work on /opt/airflow/dags/dag_sentiment_ana;ysis.py
[2024-07-02T16:40:13.029+0000] {processor.py:830} INFO - Processing file /opt/airflow/dags/dag_sentiment_ana;ysis.py for tasks to queue
[2024-07-02T16:40:13.030+0000] {logging_mixin.py:188} INFO - [2024-07-02T16:40:13.030+0000] {dagbag.py:540} INFO - Filling up the DagBag from /opt/airflow/dags/dag_sentiment_ana;ysis.py
[2024-07-02T16:40:13.059+0000] {processor.py:840} INFO - DAG(s) 'dag_sentiment_analysis' retrieved from /opt/airflow/dags/dag_sentiment_ana;ysis.py
[2024-07-02T16:40:13.081+0000] {logging_mixin.py:188} INFO - [2024-07-02T16:40:13.081+0000] {dag.py:3047} INFO - Sync 1 DAGs
[2024-07-02T16:40:13.101+0000] {logging_mixin.py:188} INFO - [2024-07-02T16:40:13.101+0000] {dag.py:3834} INFO - Setting next_dagrun for dag_sentiment_analysis to 2024-07-01 00:00:00+00:00, run_after=2024-07-02 00:00:00+00:00
[2024-07-02T16:40:13.120+0000] {processor.py:183} INFO - Processing /opt/airflow/dags/dag_sentiment_ana;ysis.py took 0.094 seconds
[2024-07-02T16:40:43.273+0000] {processor.py:161} INFO - Started process (PID=414) to work on /opt/airflow/dags/dag_sentiment_ana;ysis.py
[2024-07-02T16:40:43.274+0000] {processor.py:830} INFO - Processing file /opt/airflow/dags/dag_sentiment_ana;ysis.py for tasks to queue
[2024-07-02T16:40:43.276+0000] {logging_mixin.py:188} INFO - [2024-07-02T16:40:43.275+0000] {dagbag.py:540} INFO - Filling up the DagBag from /opt/airflow/dags/dag_sentiment_ana;ysis.py
[2024-07-02T16:40:43.300+0000] {processor.py:840} INFO - DAG(s) 'dag_sentiment_analysis' retrieved from /opt/airflow/dags/dag_sentiment_ana;ysis.py
[2024-07-02T16:40:43.321+0000] {logging_mixin.py:188} INFO - [2024-07-02T16:40:43.321+0000] {dag.py:3047} INFO - Sync 1 DAGs
[2024-07-02T16:40:43.339+0000] {logging_mixin.py:188} INFO - [2024-07-02T16:40:43.339+0000] {dag.py:3834} INFO - Setting next_dagrun for dag_sentiment_analysis to 2024-07-01 00:00:00+00:00, run_after=2024-07-02 00:00:00+00:00
[2024-07-02T16:40:43.358+0000] {processor.py:183} INFO - Processing /opt/airflow/dags/dag_sentiment_ana;ysis.py took 0.089 seconds
[2024-07-02T16:41:13.548+0000] {processor.py:161} INFO - Started process (PID=419) to work on /opt/airflow/dags/dag_sentiment_ana;ysis.py
[2024-07-02T16:41:13.549+0000] {processor.py:830} INFO - Processing file /opt/airflow/dags/dag_sentiment_ana;ysis.py for tasks to queue
[2024-07-02T16:41:13.550+0000] {logging_mixin.py:188} INFO - [2024-07-02T16:41:13.550+0000] {dagbag.py:540} INFO - Filling up the DagBag from /opt/airflow/dags/dag_sentiment_ana;ysis.py
[2024-07-02T16:41:13.577+0000] {processor.py:840} INFO - DAG(s) 'dag_sentiment_analysis' retrieved from /opt/airflow/dags/dag_sentiment_ana;ysis.py
[2024-07-02T16:41:13.599+0000] {logging_mixin.py:188} INFO - [2024-07-02T16:41:13.599+0000] {dag.py:3047} INFO - Sync 1 DAGs
[2024-07-02T16:41:13.622+0000] {logging_mixin.py:188} INFO - [2024-07-02T16:41:13.621+0000] {dag.py:3834} INFO - Setting next_dagrun for dag_sentiment_analysis to 2024-07-01 00:00:00+00:00, run_after=2024-07-02 00:00:00+00:00
[2024-07-02T16:41:13.642+0000] {processor.py:183} INFO - Processing /opt/airflow/dags/dag_sentiment_ana;ysis.py took 0.097 seconds
[2024-07-02T16:41:43.825+0000] {processor.py:161} INFO - Started process (PID=424) to work on /opt/airflow/dags/dag_sentiment_ana;ysis.py
[2024-07-02T16:41:43.826+0000] {processor.py:830} INFO - Processing file /opt/airflow/dags/dag_sentiment_ana;ysis.py for tasks to queue
[2024-07-02T16:41:43.827+0000] {logging_mixin.py:188} INFO - [2024-07-02T16:41:43.827+0000] {dagbag.py:540} INFO - Filling up the DagBag from /opt/airflow/dags/dag_sentiment_ana;ysis.py
[2024-07-02T16:41:43.858+0000] {processor.py:840} INFO - DAG(s) 'dag_sentiment_analysis' retrieved from /opt/airflow/dags/dag_sentiment_ana;ysis.py
[2024-07-02T16:41:43.881+0000] {logging_mixin.py:188} INFO - [2024-07-02T16:41:43.881+0000] {dag.py:3047} INFO - Sync 1 DAGs
[2024-07-02T16:41:43.899+0000] {logging_mixin.py:188} INFO - [2024-07-02T16:41:43.899+0000] {dag.py:3834} INFO - Setting next_dagrun for dag_sentiment_analysis to 2024-07-01 00:00:00+00:00, run_after=2024-07-02 00:00:00+00:00
[2024-07-02T16:41:43.924+0000] {processor.py:183} INFO - Processing /opt/airflow/dags/dag_sentiment_ana;ysis.py took 0.102 seconds
[2024-07-02T16:42:14.149+0000] {processor.py:161} INFO - Started process (PID=429) to work on /opt/airflow/dags/dag_sentiment_ana;ysis.py
[2024-07-02T16:42:14.150+0000] {processor.py:830} INFO - Processing file /opt/airflow/dags/dag_sentiment_ana;ysis.py for tasks to queue
[2024-07-02T16:42:14.151+0000] {logging_mixin.py:188} INFO - [2024-07-02T16:42:14.150+0000] {dagbag.py:540} INFO - Filling up the DagBag from /opt/airflow/dags/dag_sentiment_ana;ysis.py
[2024-07-02T16:42:14.176+0000] {processor.py:840} INFO - DAG(s) 'dag_sentiment_analysis' retrieved from /opt/airflow/dags/dag_sentiment_ana;ysis.py
[2024-07-02T16:42:14.199+0000] {logging_mixin.py:188} INFO - [2024-07-02T16:42:14.198+0000] {dag.py:3047} INFO - Sync 1 DAGs
[2024-07-02T16:42:14.219+0000] {logging_mixin.py:188} INFO - [2024-07-02T16:42:14.219+0000] {dag.py:3834} INFO - Setting next_dagrun for dag_sentiment_analysis to 2024-07-01 00:00:00+00:00, run_after=2024-07-02 00:00:00+00:00
[2024-07-02T16:42:14.250+0000] {processor.py:183} INFO - Processing /opt/airflow/dags/dag_sentiment_ana;ysis.py took 0.104 seconds
[2024-07-02T16:42:44.420+0000] {processor.py:161} INFO - Started process (PID=434) to work on /opt/airflow/dags/dag_sentiment_ana;ysis.py
[2024-07-02T16:42:44.421+0000] {processor.py:830} INFO - Processing file /opt/airflow/dags/dag_sentiment_ana;ysis.py for tasks to queue
[2024-07-02T16:42:44.422+0000] {logging_mixin.py:188} INFO - [2024-07-02T16:42:44.422+0000] {dagbag.py:540} INFO - Filling up the DagBag from /opt/airflow/dags/dag_sentiment_ana;ysis.py
[2024-07-02T16:42:44.454+0000] {processor.py:840} INFO - DAG(s) 'dag_sentiment_analysis' retrieved from /opt/airflow/dags/dag_sentiment_ana;ysis.py
[2024-07-02T16:42:44.476+0000] {logging_mixin.py:188} INFO - [2024-07-02T16:42:44.476+0000] {dag.py:3047} INFO - Sync 1 DAGs
[2024-07-02T16:42:44.494+0000] {logging_mixin.py:188} INFO - [2024-07-02T16:42:44.494+0000] {dag.py:3834} INFO - Setting next_dagrun for dag_sentiment_analysis to 2024-07-01 00:00:00+00:00, run_after=2024-07-02 00:00:00+00:00
[2024-07-02T16:42:44.518+0000] {processor.py:183} INFO - Processing /opt/airflow/dags/dag_sentiment_ana;ysis.py took 0.101 seconds
[2024-07-02T16:43:14.713+0000] {processor.py:161} INFO - Started process (PID=439) to work on /opt/airflow/dags/dag_sentiment_ana;ysis.py
[2024-07-02T16:43:14.714+0000] {processor.py:830} INFO - Processing file /opt/airflow/dags/dag_sentiment_ana;ysis.py for tasks to queue
[2024-07-02T16:43:14.714+0000] {logging_mixin.py:188} INFO - [2024-07-02T16:43:14.714+0000] {dagbag.py:540} INFO - Filling up the DagBag from /opt/airflow/dags/dag_sentiment_ana;ysis.py
[2024-07-02T16:43:14.731+0000] {processor.py:840} INFO - DAG(s) 'dag_sentiment_analysis' retrieved from /opt/airflow/dags/dag_sentiment_ana;ysis.py
[2024-07-02T16:43:14.750+0000] {logging_mixin.py:188} INFO - [2024-07-02T16:43:14.750+0000] {dag.py:3047} INFO - Sync 1 DAGs
[2024-07-02T16:43:14.770+0000] {logging_mixin.py:188} INFO - [2024-07-02T16:43:14.770+0000] {dag.py:3834} INFO - Setting next_dagrun for dag_sentiment_analysis to 2024-07-01 00:00:00+00:00, run_after=2024-07-02 00:00:00+00:00
[2024-07-02T16:43:14.790+0000] {processor.py:183} INFO - Processing /opt/airflow/dags/dag_sentiment_ana;ysis.py took 0.080 seconds
[2024-07-02T16:43:44.971+0000] {processor.py:161} INFO - Started process (PID=444) to work on /opt/airflow/dags/dag_sentiment_ana;ysis.py
[2024-07-02T16:43:44.972+0000] {processor.py:830} INFO - Processing file /opt/airflow/dags/dag_sentiment_ana;ysis.py for tasks to queue
[2024-07-02T16:43:44.974+0000] {logging_mixin.py:188} INFO - [2024-07-02T16:43:44.973+0000] {dagbag.py:540} INFO - Filling up the DagBag from /opt/airflow/dags/dag_sentiment_ana;ysis.py
[2024-07-02T16:43:45.003+0000] {processor.py:840} INFO - DAG(s) 'dag_sentiment_analysis' retrieved from /opt/airflow/dags/dag_sentiment_ana;ysis.py
[2024-07-02T16:43:45.027+0000] {logging_mixin.py:188} INFO - [2024-07-02T16:43:45.027+0000] {dag.py:3047} INFO - Sync 1 DAGs
[2024-07-02T16:43:45.050+0000] {logging_mixin.py:188} INFO - [2024-07-02T16:43:45.049+0000] {dag.py:3834} INFO - Setting next_dagrun for dag_sentiment_analysis to 2024-07-01 00:00:00+00:00, run_after=2024-07-02 00:00:00+00:00
[2024-07-02T16:43:45.078+0000] {processor.py:183} INFO - Processing /opt/airflow/dags/dag_sentiment_ana;ysis.py took 0.109 seconds
[2024-07-02T16:44:15.261+0000] {processor.py:161} INFO - Started process (PID=449) to work on /opt/airflow/dags/dag_sentiment_ana;ysis.py
[2024-07-02T16:44:15.263+0000] {processor.py:830} INFO - Processing file /opt/airflow/dags/dag_sentiment_ana;ysis.py for tasks to queue
[2024-07-02T16:44:15.263+0000] {logging_mixin.py:188} INFO - [2024-07-02T16:44:15.263+0000] {dagbag.py:540} INFO - Filling up the DagBag from /opt/airflow/dags/dag_sentiment_ana;ysis.py
[2024-07-02T16:44:15.290+0000] {processor.py:840} INFO - DAG(s) 'dag_sentiment_analysis' retrieved from /opt/airflow/dags/dag_sentiment_ana;ysis.py
[2024-07-02T16:44:15.318+0000] {logging_mixin.py:188} INFO - [2024-07-02T16:44:15.318+0000] {dag.py:3047} INFO - Sync 1 DAGs
[2024-07-02T16:44:15.344+0000] {logging_mixin.py:188} INFO - [2024-07-02T16:44:15.344+0000] {dag.py:3834} INFO - Setting next_dagrun for dag_sentiment_analysis to 2024-07-01 00:00:00+00:00, run_after=2024-07-02 00:00:00+00:00
[2024-07-02T16:44:15.367+0000] {processor.py:183} INFO - Processing /opt/airflow/dags/dag_sentiment_ana;ysis.py took 0.109 seconds
[2024-07-02T16:44:45.507+0000] {processor.py:161} INFO - Started process (PID=454) to work on /opt/airflow/dags/dag_sentiment_ana;ysis.py
[2024-07-02T16:44:45.508+0000] {processor.py:830} INFO - Processing file /opt/airflow/dags/dag_sentiment_ana;ysis.py for tasks to queue
[2024-07-02T16:44:45.509+0000] {logging_mixin.py:188} INFO - [2024-07-02T16:44:45.509+0000] {dagbag.py:540} INFO - Filling up the DagBag from /opt/airflow/dags/dag_sentiment_ana;ysis.py
[2024-07-02T16:44:45.535+0000] {processor.py:840} INFO - DAG(s) 'dag_sentiment_analysis' retrieved from /opt/airflow/dags/dag_sentiment_ana;ysis.py
[2024-07-02T16:44:45.565+0000] {logging_mixin.py:188} INFO - [2024-07-02T16:44:45.565+0000] {dag.py:3047} INFO - Sync 1 DAGs
[2024-07-02T16:44:45.592+0000] {logging_mixin.py:188} INFO - [2024-07-02T16:44:45.591+0000] {dag.py:3834} INFO - Setting next_dagrun for dag_sentiment_analysis to 2024-07-01 00:00:00+00:00, run_after=2024-07-02 00:00:00+00:00
[2024-07-02T16:44:45.623+0000] {processor.py:183} INFO - Processing /opt/airflow/dags/dag_sentiment_ana;ysis.py took 0.120 seconds
[2024-07-02T16:45:15.831+0000] {processor.py:161} INFO - Started process (PID=459) to work on /opt/airflow/dags/dag_sentiment_ana;ysis.py
[2024-07-02T16:45:15.833+0000] {processor.py:830} INFO - Processing file /opt/airflow/dags/dag_sentiment_ana;ysis.py for tasks to queue
[2024-07-02T16:45:15.836+0000] {logging_mixin.py:188} INFO - [2024-07-02T16:45:15.835+0000] {dagbag.py:540} INFO - Filling up the DagBag from /opt/airflow/dags/dag_sentiment_ana;ysis.py
[2024-07-02T16:45:15.875+0000] {processor.py:840} INFO - DAG(s) 'dag_sentiment_analysis' retrieved from /opt/airflow/dags/dag_sentiment_ana;ysis.py
[2024-07-02T16:45:15.906+0000] {logging_mixin.py:188} INFO - [2024-07-02T16:45:15.906+0000] {dag.py:3047} INFO - Sync 1 DAGs
[2024-07-02T16:45:15.928+0000] {logging_mixin.py:188} INFO - [2024-07-02T16:45:15.927+0000] {dag.py:3834} INFO - Setting next_dagrun for dag_sentiment_analysis to 2024-07-01 00:00:00+00:00, run_after=2024-07-02 00:00:00+00:00
[2024-07-02T16:45:15.949+0000] {processor.py:183} INFO - Processing /opt/airflow/dags/dag_sentiment_ana;ysis.py took 0.120 seconds
[2024-07-02T16:45:46.077+0000] {processor.py:161} INFO - Started process (PID=464) to work on /opt/airflow/dags/dag_sentiment_ana;ysis.py
[2024-07-02T16:45:46.078+0000] {processor.py:830} INFO - Processing file /opt/airflow/dags/dag_sentiment_ana;ysis.py for tasks to queue
[2024-07-02T16:45:46.079+0000] {logging_mixin.py:188} INFO - [2024-07-02T16:45:46.079+0000] {dagbag.py:540} INFO - Filling up the DagBag from /opt/airflow/dags/dag_sentiment_ana;ysis.py
[2024-07-02T16:45:46.112+0000] {processor.py:840} INFO - DAG(s) 'dag_sentiment_analysis' retrieved from /opt/airflow/dags/dag_sentiment_ana;ysis.py
[2024-07-02T16:45:46.131+0000] {logging_mixin.py:188} INFO - [2024-07-02T16:45:46.131+0000] {dag.py:3047} INFO - Sync 1 DAGs
[2024-07-02T16:45:46.150+0000] {logging_mixin.py:188} INFO - [2024-07-02T16:45:46.150+0000] {dag.py:3834} INFO - Setting next_dagrun for dag_sentiment_analysis to 2024-07-01 00:00:00+00:00, run_after=2024-07-02 00:00:00+00:00
[2024-07-02T16:45:46.171+0000] {processor.py:183} INFO - Processing /opt/airflow/dags/dag_sentiment_ana;ysis.py took 0.098 seconds
[2024-07-02T16:46:16.333+0000] {processor.py:161} INFO - Started process (PID=469) to work on /opt/airflow/dags/dag_sentiment_ana;ysis.py
[2024-07-02T16:46:16.334+0000] {processor.py:830} INFO - Processing file /opt/airflow/dags/dag_sentiment_ana;ysis.py for tasks to queue
[2024-07-02T16:46:16.336+0000] {logging_mixin.py:188} INFO - [2024-07-02T16:46:16.335+0000] {dagbag.py:540} INFO - Filling up the DagBag from /opt/airflow/dags/dag_sentiment_ana;ysis.py
[2024-07-02T16:46:16.356+0000] {processor.py:840} INFO - DAG(s) 'dag_sentiment_analysis' retrieved from /opt/airflow/dags/dag_sentiment_ana;ysis.py
[2024-07-02T16:46:16.379+0000] {logging_mixin.py:188} INFO - [2024-07-02T16:46:16.379+0000] {dag.py:3047} INFO - Sync 1 DAGs
[2024-07-02T16:46:16.400+0000] {logging_mixin.py:188} INFO - [2024-07-02T16:46:16.400+0000] {dag.py:3834} INFO - Setting next_dagrun for dag_sentiment_analysis to 2024-07-01 00:00:00+00:00, run_after=2024-07-02 00:00:00+00:00
[2024-07-02T16:46:16.426+0000] {processor.py:183} INFO - Processing /opt/airflow/dags/dag_sentiment_ana;ysis.py took 0.096 seconds
[2024-07-02T16:46:46.630+0000] {processor.py:161} INFO - Started process (PID=474) to work on /opt/airflow/dags/dag_sentiment_ana;ysis.py
[2024-07-02T16:46:46.631+0000] {processor.py:830} INFO - Processing file /opt/airflow/dags/dag_sentiment_ana;ysis.py for tasks to queue
[2024-07-02T16:46:46.632+0000] {logging_mixin.py:188} INFO - [2024-07-02T16:46:46.632+0000] {dagbag.py:540} INFO - Filling up the DagBag from /opt/airflow/dags/dag_sentiment_ana;ysis.py
[2024-07-02T16:46:46.661+0000] {processor.py:840} INFO - DAG(s) 'dag_sentiment_analysis' retrieved from /opt/airflow/dags/dag_sentiment_ana;ysis.py
[2024-07-02T16:46:46.684+0000] {logging_mixin.py:188} INFO - [2024-07-02T16:46:46.684+0000] {dag.py:3047} INFO - Sync 1 DAGs
[2024-07-02T16:46:46.703+0000] {logging_mixin.py:188} INFO - [2024-07-02T16:46:46.703+0000] {dag.py:3834} INFO - Setting next_dagrun for dag_sentiment_analysis to 2024-07-01 00:00:00+00:00, run_after=2024-07-02 00:00:00+00:00
[2024-07-02T16:46:46.722+0000] {processor.py:183} INFO - Processing /opt/airflow/dags/dag_sentiment_ana;ysis.py took 0.095 seconds
[2024-07-02T16:47:16.904+0000] {processor.py:161} INFO - Started process (PID=479) to work on /opt/airflow/dags/dag_sentiment_ana;ysis.py
[2024-07-02T16:47:16.905+0000] {processor.py:830} INFO - Processing file /opt/airflow/dags/dag_sentiment_ana;ysis.py for tasks to queue
[2024-07-02T16:47:16.907+0000] {logging_mixin.py:188} INFO - [2024-07-02T16:47:16.906+0000] {dagbag.py:540} INFO - Filling up the DagBag from /opt/airflow/dags/dag_sentiment_ana;ysis.py
[2024-07-02T16:47:16.938+0000] {processor.py:840} INFO - DAG(s) 'dag_sentiment_analysis' retrieved from /opt/airflow/dags/dag_sentiment_ana;ysis.py
[2024-07-02T16:47:16.960+0000] {logging_mixin.py:188} INFO - [2024-07-02T16:47:16.960+0000] {dag.py:3047} INFO - Sync 1 DAGs
[2024-07-02T16:47:16.981+0000] {logging_mixin.py:188} INFO - [2024-07-02T16:47:16.981+0000] {dag.py:3834} INFO - Setting next_dagrun for dag_sentiment_analysis to 2024-07-01 00:00:00+00:00, run_after=2024-07-02 00:00:00+00:00
[2024-07-02T16:47:17.008+0000] {processor.py:183} INFO - Processing /opt/airflow/dags/dag_sentiment_ana;ysis.py took 0.109 seconds
[2024-07-02T16:47:47.208+0000] {processor.py:161} INFO - Started process (PID=484) to work on /opt/airflow/dags/dag_sentiment_ana;ysis.py
[2024-07-02T16:47:47.211+0000] {processor.py:830} INFO - Processing file /opt/airflow/dags/dag_sentiment_ana;ysis.py for tasks to queue
[2024-07-02T16:47:47.212+0000] {logging_mixin.py:188} INFO - [2024-07-02T16:47:47.212+0000] {dagbag.py:540} INFO - Filling up the DagBag from /opt/airflow/dags/dag_sentiment_ana;ysis.py
[2024-07-02T16:47:47.250+0000] {processor.py:840} INFO - DAG(s) 'dag_sentiment_analysis' retrieved from /opt/airflow/dags/dag_sentiment_ana;ysis.py
[2024-07-02T16:47:47.279+0000] {logging_mixin.py:188} INFO - [2024-07-02T16:47:47.278+0000] {dag.py:3047} INFO - Sync 1 DAGs
[2024-07-02T16:47:47.306+0000] {logging_mixin.py:188} INFO - [2024-07-02T16:47:47.305+0000] {dag.py:3834} INFO - Setting next_dagrun for dag_sentiment_analysis to 2024-07-01 00:00:00+00:00, run_after=2024-07-02 00:00:00+00:00
[2024-07-02T16:47:47.339+0000] {processor.py:183} INFO - Processing /opt/airflow/dags/dag_sentiment_ana;ysis.py took 0.134 seconds
[2024-07-02T16:48:17.451+0000] {processor.py:161} INFO - Started process (PID=489) to work on /opt/airflow/dags/dag_sentiment_ana;ysis.py
[2024-07-02T16:48:17.452+0000] {processor.py:830} INFO - Processing file /opt/airflow/dags/dag_sentiment_ana;ysis.py for tasks to queue
[2024-07-02T16:48:17.453+0000] {logging_mixin.py:188} INFO - [2024-07-02T16:48:17.453+0000] {dagbag.py:540} INFO - Filling up the DagBag from /opt/airflow/dags/dag_sentiment_ana;ysis.py
[2024-07-02T16:48:17.481+0000] {processor.py:840} INFO - DAG(s) 'dag_sentiment_analysis' retrieved from /opt/airflow/dags/dag_sentiment_ana;ysis.py
[2024-07-02T16:48:17.505+0000] {logging_mixin.py:188} INFO - [2024-07-02T16:48:17.505+0000] {dag.py:3047} INFO - Sync 1 DAGs
[2024-07-02T16:48:17.527+0000] {logging_mixin.py:188} INFO - [2024-07-02T16:48:17.526+0000] {dag.py:3834} INFO - Setting next_dagrun for dag_sentiment_analysis to 2024-07-01 00:00:00+00:00, run_after=2024-07-02 00:00:00+00:00
[2024-07-02T16:48:17.551+0000] {processor.py:183} INFO - Processing /opt/airflow/dags/dag_sentiment_ana;ysis.py took 0.103 seconds
[2024-07-02T16:48:47.786+0000] {processor.py:161} INFO - Started process (PID=494) to work on /opt/airflow/dags/dag_sentiment_ana;ysis.py
[2024-07-02T16:48:47.787+0000] {processor.py:830} INFO - Processing file /opt/airflow/dags/dag_sentiment_ana;ysis.py for tasks to queue
[2024-07-02T16:48:47.788+0000] {logging_mixin.py:188} INFO - [2024-07-02T16:48:47.788+0000] {dagbag.py:540} INFO - Filling up the DagBag from /opt/airflow/dags/dag_sentiment_ana;ysis.py
[2024-07-02T16:48:47.816+0000] {processor.py:840} INFO - DAG(s) 'dag_sentiment_analysis' retrieved from /opt/airflow/dags/dag_sentiment_ana;ysis.py
[2024-07-02T16:48:47.838+0000] {logging_mixin.py:188} INFO - [2024-07-02T16:48:47.838+0000] {dag.py:3047} INFO - Sync 1 DAGs
[2024-07-02T16:48:47.862+0000] {logging_mixin.py:188} INFO - [2024-07-02T16:48:47.861+0000] {dag.py:3834} INFO - Setting next_dagrun for dag_sentiment_analysis to 2024-07-01 00:00:00+00:00, run_after=2024-07-02 00:00:00+00:00
[2024-07-02T16:48:47.878+0000] {processor.py:183} INFO - Processing /opt/airflow/dags/dag_sentiment_ana;ysis.py took 0.094 seconds
[2024-07-02T16:49:18.096+0000] {processor.py:161} INFO - Started process (PID=499) to work on /opt/airflow/dags/dag_sentiment_ana;ysis.py
[2024-07-02T16:49:18.097+0000] {processor.py:830} INFO - Processing file /opt/airflow/dags/dag_sentiment_ana;ysis.py for tasks to queue
[2024-07-02T16:49:18.098+0000] {logging_mixin.py:188} INFO - [2024-07-02T16:49:18.098+0000] {dagbag.py:540} INFO - Filling up the DagBag from /opt/airflow/dags/dag_sentiment_ana;ysis.py
[2024-07-02T16:49:18.126+0000] {processor.py:840} INFO - DAG(s) 'dag_sentiment_analysis' retrieved from /opt/airflow/dags/dag_sentiment_ana;ysis.py
[2024-07-02T16:49:18.149+0000] {logging_mixin.py:188} INFO - [2024-07-02T16:49:18.149+0000] {dag.py:3047} INFO - Sync 1 DAGs
[2024-07-02T16:49:18.171+0000] {logging_mixin.py:188} INFO - [2024-07-02T16:49:18.171+0000] {dag.py:3834} INFO - Setting next_dagrun for dag_sentiment_analysis to 2024-07-01 00:00:00+00:00, run_after=2024-07-02 00:00:00+00:00
[2024-07-02T16:49:18.199+0000] {processor.py:183} INFO - Processing /opt/airflow/dags/dag_sentiment_ana;ysis.py took 0.106 seconds
[2024-07-02T16:49:48.372+0000] {processor.py:161} INFO - Started process (PID=504) to work on /opt/airflow/dags/dag_sentiment_ana;ysis.py
[2024-07-02T16:49:48.373+0000] {processor.py:830} INFO - Processing file /opt/airflow/dags/dag_sentiment_ana;ysis.py for tasks to queue
[2024-07-02T16:49:48.375+0000] {logging_mixin.py:188} INFO - [2024-07-02T16:49:48.375+0000] {dagbag.py:540} INFO - Filling up the DagBag from /opt/airflow/dags/dag_sentiment_ana;ysis.py
[2024-07-02T16:49:48.411+0000] {processor.py:840} INFO - DAG(s) 'dag_sentiment_analysis' retrieved from /opt/airflow/dags/dag_sentiment_ana;ysis.py
[2024-07-02T16:49:48.435+0000] {logging_mixin.py:188} INFO - [2024-07-02T16:49:48.435+0000] {dag.py:3047} INFO - Sync 1 DAGs
[2024-07-02T16:49:48.457+0000] {logging_mixin.py:188} INFO - [2024-07-02T16:49:48.456+0000] {dag.py:3834} INFO - Setting next_dagrun for dag_sentiment_analysis to 2024-07-01 00:00:00+00:00, run_after=2024-07-02 00:00:00+00:00
[2024-07-02T16:49:48.482+0000] {processor.py:183} INFO - Processing /opt/airflow/dags/dag_sentiment_ana;ysis.py took 0.114 seconds
[2024-07-02T16:50:18.673+0000] {processor.py:161} INFO - Started process (PID=509) to work on /opt/airflow/dags/dag_sentiment_ana;ysis.py
[2024-07-02T16:50:18.674+0000] {processor.py:830} INFO - Processing file /opt/airflow/dags/dag_sentiment_ana;ysis.py for tasks to queue
[2024-07-02T16:50:18.676+0000] {logging_mixin.py:188} INFO - [2024-07-02T16:50:18.676+0000] {dagbag.py:540} INFO - Filling up the DagBag from /opt/airflow/dags/dag_sentiment_ana;ysis.py
[2024-07-02T16:50:18.705+0000] {processor.py:840} INFO - DAG(s) 'dag_sentiment_analysis' retrieved from /opt/airflow/dags/dag_sentiment_ana;ysis.py
[2024-07-02T16:50:18.732+0000] {logging_mixin.py:188} INFO - [2024-07-02T16:50:18.732+0000] {dag.py:3047} INFO - Sync 1 DAGs
[2024-07-02T16:50:18.750+0000] {logging_mixin.py:188} INFO - [2024-07-02T16:50:18.750+0000] {dag.py:3834} INFO - Setting next_dagrun for dag_sentiment_analysis to 2024-07-01 00:00:00+00:00, run_after=2024-07-02 00:00:00+00:00
[2024-07-02T16:50:18.775+0000] {processor.py:183} INFO - Processing /opt/airflow/dags/dag_sentiment_ana;ysis.py took 0.104 seconds
[2024-07-02T16:50:48.985+0000] {processor.py:161} INFO - Started process (PID=514) to work on /opt/airflow/dags/dag_sentiment_ana;ysis.py
[2024-07-02T16:50:48.986+0000] {processor.py:830} INFO - Processing file /opt/airflow/dags/dag_sentiment_ana;ysis.py for tasks to queue
[2024-07-02T16:50:48.987+0000] {logging_mixin.py:188} INFO - [2024-07-02T16:50:48.987+0000] {dagbag.py:540} INFO - Filling up the DagBag from /opt/airflow/dags/dag_sentiment_ana;ysis.py
[2024-07-02T16:50:49.017+0000] {processor.py:840} INFO - DAG(s) 'dag_sentiment_analysis' retrieved from /opt/airflow/dags/dag_sentiment_ana;ysis.py
[2024-07-02T16:50:49.042+0000] {logging_mixin.py:188} INFO - [2024-07-02T16:50:49.042+0000] {dag.py:3047} INFO - Sync 1 DAGs
[2024-07-02T16:50:49.064+0000] {logging_mixin.py:188} INFO - [2024-07-02T16:50:49.064+0000] {dag.py:3834} INFO - Setting next_dagrun for dag_sentiment_analysis to 2024-07-01 00:00:00+00:00, run_after=2024-07-02 00:00:00+00:00
[2024-07-02T16:50:49.093+0000] {processor.py:183} INFO - Processing /opt/airflow/dags/dag_sentiment_ana;ysis.py took 0.110 seconds
[2024-07-02T16:51:19.323+0000] {processor.py:161} INFO - Started process (PID=519) to work on /opt/airflow/dags/dag_sentiment_ana;ysis.py
[2024-07-02T16:51:19.324+0000] {processor.py:830} INFO - Processing file /opt/airflow/dags/dag_sentiment_ana;ysis.py for tasks to queue
[2024-07-02T16:51:19.326+0000] {logging_mixin.py:188} INFO - [2024-07-02T16:51:19.325+0000] {dagbag.py:540} INFO - Filling up the DagBag from /opt/airflow/dags/dag_sentiment_ana;ysis.py
[2024-07-02T16:51:19.358+0000] {processor.py:840} INFO - DAG(s) 'dag_sentiment_analysis' retrieved from /opt/airflow/dags/dag_sentiment_ana;ysis.py
[2024-07-02T16:51:19.388+0000] {logging_mixin.py:188} INFO - [2024-07-02T16:51:19.388+0000] {dag.py:3047} INFO - Sync 1 DAGs
[2024-07-02T16:51:19.425+0000] {logging_mixin.py:188} INFO - [2024-07-02T16:51:19.424+0000] {dag.py:3834} INFO - Setting next_dagrun for dag_sentiment_analysis to 2024-07-01 00:00:00+00:00, run_after=2024-07-02 00:00:00+00:00
[2024-07-02T16:51:19.453+0000] {processor.py:183} INFO - Processing /opt/airflow/dags/dag_sentiment_ana;ysis.py took 0.134 seconds
[2024-07-02T16:51:49.606+0000] {processor.py:161} INFO - Started process (PID=524) to work on /opt/airflow/dags/dag_sentiment_ana;ysis.py
[2024-07-02T16:51:49.607+0000] {processor.py:830} INFO - Processing file /opt/airflow/dags/dag_sentiment_ana;ysis.py for tasks to queue
[2024-07-02T16:51:49.609+0000] {logging_mixin.py:188} INFO - [2024-07-02T16:51:49.608+0000] {dagbag.py:540} INFO - Filling up the DagBag from /opt/airflow/dags/dag_sentiment_ana;ysis.py
[2024-07-02T16:51:49.638+0000] {processor.py:840} INFO - DAG(s) 'dag_sentiment_analysis' retrieved from /opt/airflow/dags/dag_sentiment_ana;ysis.py
[2024-07-02T16:51:49.666+0000] {logging_mixin.py:188} INFO - [2024-07-02T16:51:49.665+0000] {dag.py:3047} INFO - Sync 1 DAGs
[2024-07-02T16:51:49.692+0000] {logging_mixin.py:188} INFO - [2024-07-02T16:51:49.691+0000] {dag.py:3834} INFO - Setting next_dagrun for dag_sentiment_analysis to 2024-07-01 00:00:00+00:00, run_after=2024-07-02 00:00:00+00:00
[2024-07-02T16:51:49.711+0000] {processor.py:183} INFO - Processing /opt/airflow/dags/dag_sentiment_ana;ysis.py took 0.110 seconds
[2024-07-02T16:52:19.966+0000] {processor.py:161} INFO - Started process (PID=529) to work on /opt/airflow/dags/dag_sentiment_ana;ysis.py
[2024-07-02T16:52:19.967+0000] {processor.py:830} INFO - Processing file /opt/airflow/dags/dag_sentiment_ana;ysis.py for tasks to queue
[2024-07-02T16:52:19.968+0000] {logging_mixin.py:188} INFO - [2024-07-02T16:52:19.968+0000] {dagbag.py:540} INFO - Filling up the DagBag from /opt/airflow/dags/dag_sentiment_ana;ysis.py
[2024-07-02T16:52:19.993+0000] {processor.py:840} INFO - DAG(s) 'dag_sentiment_analysis' retrieved from /opt/airflow/dags/dag_sentiment_ana;ysis.py
[2024-07-02T16:52:20.016+0000] {logging_mixin.py:188} INFO - [2024-07-02T16:52:20.016+0000] {dag.py:3047} INFO - Sync 1 DAGs
[2024-07-02T16:52:20.034+0000] {logging_mixin.py:188} INFO - [2024-07-02T16:52:20.034+0000] {dag.py:3834} INFO - Setting next_dagrun for dag_sentiment_analysis to 2024-07-01 00:00:00+00:00, run_after=2024-07-02 00:00:00+00:00
[2024-07-02T16:52:20.056+0000] {processor.py:183} INFO - Processing /opt/airflow/dags/dag_sentiment_ana;ysis.py took 0.093 seconds
[2024-07-02T16:52:50.224+0000] {processor.py:161} INFO - Started process (PID=534) to work on /opt/airflow/dags/dag_sentiment_ana;ysis.py
[2024-07-02T16:52:50.225+0000] {processor.py:830} INFO - Processing file /opt/airflow/dags/dag_sentiment_ana;ysis.py for tasks to queue
[2024-07-02T16:52:50.226+0000] {logging_mixin.py:188} INFO - [2024-07-02T16:52:50.226+0000] {dagbag.py:540} INFO - Filling up the DagBag from /opt/airflow/dags/dag_sentiment_ana;ysis.py
[2024-07-02T16:52:50.260+0000] {processor.py:840} INFO - DAG(s) 'dag_sentiment_analysis' retrieved from /opt/airflow/dags/dag_sentiment_ana;ysis.py
[2024-07-02T16:52:50.281+0000] {logging_mixin.py:188} INFO - [2024-07-02T16:52:50.280+0000] {dag.py:3047} INFO - Sync 1 DAGs
[2024-07-02T16:52:50.301+0000] {logging_mixin.py:188} INFO - [2024-07-02T16:52:50.301+0000] {dag.py:3834} INFO - Setting next_dagrun for dag_sentiment_analysis to 2024-07-01 00:00:00+00:00, run_after=2024-07-02 00:00:00+00:00
[2024-07-02T16:52:50.327+0000] {processor.py:183} INFO - Processing /opt/airflow/dags/dag_sentiment_ana;ysis.py took 0.106 seconds
[2024-07-02T16:53:20.522+0000] {processor.py:161} INFO - Started process (PID=539) to work on /opt/airflow/dags/dag_sentiment_ana;ysis.py
[2024-07-02T16:53:20.524+0000] {processor.py:830} INFO - Processing file /opt/airflow/dags/dag_sentiment_ana;ysis.py for tasks to queue
[2024-07-02T16:53:20.525+0000] {logging_mixin.py:188} INFO - [2024-07-02T16:53:20.525+0000] {dagbag.py:540} INFO - Filling up the DagBag from /opt/airflow/dags/dag_sentiment_ana;ysis.py
[2024-07-02T16:53:20.550+0000] {processor.py:840} INFO - DAG(s) 'dag_sentiment_analysis' retrieved from /opt/airflow/dags/dag_sentiment_ana;ysis.py
[2024-07-02T16:53:20.571+0000] {logging_mixin.py:188} INFO - [2024-07-02T16:53:20.571+0000] {dag.py:3047} INFO - Sync 1 DAGs
[2024-07-02T16:53:20.591+0000] {logging_mixin.py:188} INFO - [2024-07-02T16:53:20.591+0000] {dag.py:3834} INFO - Setting next_dagrun for dag_sentiment_analysis to 2024-07-01 00:00:00+00:00, run_after=2024-07-02 00:00:00+00:00
[2024-07-02T16:53:20.613+0000] {processor.py:183} INFO - Processing /opt/airflow/dags/dag_sentiment_ana;ysis.py took 0.093 seconds
[2024-07-02T16:53:50.813+0000] {processor.py:161} INFO - Started process (PID=544) to work on /opt/airflow/dags/dag_sentiment_ana;ysis.py
[2024-07-02T16:53:50.814+0000] {processor.py:830} INFO - Processing file /opt/airflow/dags/dag_sentiment_ana;ysis.py for tasks to queue
[2024-07-02T16:53:50.816+0000] {logging_mixin.py:188} INFO - [2024-07-02T16:53:50.815+0000] {dagbag.py:540} INFO - Filling up the DagBag from /opt/airflow/dags/dag_sentiment_ana;ysis.py
[2024-07-02T16:53:50.854+0000] {processor.py:840} INFO - DAG(s) 'dag_sentiment_analysis' retrieved from /opt/airflow/dags/dag_sentiment_ana;ysis.py
[2024-07-02T16:53:50.877+0000] {logging_mixin.py:188} INFO - [2024-07-02T16:53:50.877+0000] {dag.py:3047} INFO - Sync 1 DAGs
[2024-07-02T16:53:50.903+0000] {logging_mixin.py:188} INFO - [2024-07-02T16:53:50.902+0000] {dag.py:3834} INFO - Setting next_dagrun for dag_sentiment_analysis to 2024-07-01 00:00:00+00:00, run_after=2024-07-02 00:00:00+00:00
[2024-07-02T16:53:50.933+0000] {processor.py:183} INFO - Processing /opt/airflow/dags/dag_sentiment_ana;ysis.py took 0.123 seconds
[2024-07-02T16:54:21.180+0000] {processor.py:161} INFO - Started process (PID=549) to work on /opt/airflow/dags/dag_sentiment_ana;ysis.py
[2024-07-02T16:54:21.181+0000] {processor.py:830} INFO - Processing file /opt/airflow/dags/dag_sentiment_ana;ysis.py for tasks to queue
[2024-07-02T16:54:21.182+0000] {logging_mixin.py:188} INFO - [2024-07-02T16:54:21.182+0000] {dagbag.py:540} INFO - Filling up the DagBag from /opt/airflow/dags/dag_sentiment_ana;ysis.py
[2024-07-02T16:54:21.215+0000] {processor.py:840} INFO - DAG(s) 'dag_sentiment_analysis' retrieved from /opt/airflow/dags/dag_sentiment_ana;ysis.py
[2024-07-02T16:54:21.237+0000] {logging_mixin.py:188} INFO - [2024-07-02T16:54:21.237+0000] {dag.py:3047} INFO - Sync 1 DAGs
[2024-07-02T16:54:21.256+0000] {logging_mixin.py:188} INFO - [2024-07-02T16:54:21.256+0000] {dag.py:3834} INFO - Setting next_dagrun for dag_sentiment_analysis to 2024-07-01 00:00:00+00:00, run_after=2024-07-02 00:00:00+00:00
[2024-07-02T16:54:21.282+0000] {processor.py:183} INFO - Processing /opt/airflow/dags/dag_sentiment_ana;ysis.py took 0.105 seconds
[2024-07-02T16:54:51.421+0000] {processor.py:161} INFO - Started process (PID=554) to work on /opt/airflow/dags/dag_sentiment_ana;ysis.py
[2024-07-02T16:54:51.423+0000] {processor.py:830} INFO - Processing file /opt/airflow/dags/dag_sentiment_ana;ysis.py for tasks to queue
[2024-07-02T16:54:51.424+0000] {logging_mixin.py:188} INFO - [2024-07-02T16:54:51.424+0000] {dagbag.py:540} INFO - Filling up the DagBag from /opt/airflow/dags/dag_sentiment_ana;ysis.py
[2024-07-02T16:54:51.456+0000] {processor.py:840} INFO - DAG(s) 'dag_sentiment_analysis' retrieved from /opt/airflow/dags/dag_sentiment_ana;ysis.py
[2024-07-02T16:54:51.479+0000] {logging_mixin.py:188} INFO - [2024-07-02T16:54:51.479+0000] {dag.py:3047} INFO - Sync 1 DAGs
[2024-07-02T16:54:51.501+0000] {logging_mixin.py:188} INFO - [2024-07-02T16:54:51.500+0000] {dag.py:3834} INFO - Setting next_dagrun for dag_sentiment_analysis to 2024-07-01 00:00:00+00:00, run_after=2024-07-02 00:00:00+00:00
[2024-07-02T16:54:51.526+0000] {processor.py:183} INFO - Processing /opt/airflow/dags/dag_sentiment_ana;ysis.py took 0.108 seconds
[2024-07-02T16:55:21.781+0000] {processor.py:161} INFO - Started process (PID=559) to work on /opt/airflow/dags/dag_sentiment_ana;ysis.py
[2024-07-02T16:55:21.782+0000] {processor.py:830} INFO - Processing file /opt/airflow/dags/dag_sentiment_ana;ysis.py for tasks to queue
[2024-07-02T16:55:21.783+0000] {logging_mixin.py:188} INFO - [2024-07-02T16:55:21.782+0000] {dagbag.py:540} INFO - Filling up the DagBag from /opt/airflow/dags/dag_sentiment_ana;ysis.py
[2024-07-02T16:55:21.812+0000] {processor.py:840} INFO - DAG(s) 'dag_sentiment_analysis' retrieved from /opt/airflow/dags/dag_sentiment_ana;ysis.py
[2024-07-02T16:55:21.834+0000] {logging_mixin.py:188} INFO - [2024-07-02T16:55:21.834+0000] {dag.py:3047} INFO - Sync 1 DAGs
[2024-07-02T16:55:21.854+0000] {logging_mixin.py:188} INFO - [2024-07-02T16:55:21.853+0000] {dag.py:3834} INFO - Setting next_dagrun for dag_sentiment_analysis to 2024-07-01 00:00:00+00:00, run_after=2024-07-02 00:00:00+00:00
[2024-07-02T16:55:21.873+0000] {processor.py:183} INFO - Processing /opt/airflow/dags/dag_sentiment_ana;ysis.py took 0.096 seconds
[2024-07-02T16:55:52.036+0000] {processor.py:161} INFO - Started process (PID=564) to work on /opt/airflow/dags/dag_sentiment_ana;ysis.py
[2024-07-02T16:55:52.037+0000] {processor.py:830} INFO - Processing file /opt/airflow/dags/dag_sentiment_ana;ysis.py for tasks to queue
[2024-07-02T16:55:52.038+0000] {logging_mixin.py:188} INFO - [2024-07-02T16:55:52.038+0000] {dagbag.py:540} INFO - Filling up the DagBag from /opt/airflow/dags/dag_sentiment_ana;ysis.py
[2024-07-02T16:55:52.061+0000] {processor.py:840} INFO - DAG(s) 'dag_sentiment_analysis' retrieved from /opt/airflow/dags/dag_sentiment_ana;ysis.py
[2024-07-02T16:55:52.085+0000] {logging_mixin.py:188} INFO - [2024-07-02T16:55:52.084+0000] {dag.py:3047} INFO - Sync 1 DAGs
[2024-07-02T16:55:52.106+0000] {logging_mixin.py:188} INFO - [2024-07-02T16:55:52.106+0000] {dag.py:3834} INFO - Setting next_dagrun for dag_sentiment_analysis to 2024-07-01 00:00:00+00:00, run_after=2024-07-02 00:00:00+00:00
[2024-07-02T16:55:52.134+0000] {processor.py:183} INFO - Processing /opt/airflow/dags/dag_sentiment_ana;ysis.py took 0.100 seconds
[2024-07-02T16:56:22.360+0000] {processor.py:161} INFO - Started process (PID=569) to work on /opt/airflow/dags/dag_sentiment_ana;ysis.py
[2024-07-02T16:56:22.361+0000] {processor.py:830} INFO - Processing file /opt/airflow/dags/dag_sentiment_ana;ysis.py for tasks to queue
[2024-07-02T16:56:22.363+0000] {logging_mixin.py:188} INFO - [2024-07-02T16:56:22.362+0000] {dagbag.py:540} INFO - Filling up the DagBag from /opt/airflow/dags/dag_sentiment_ana;ysis.py
[2024-07-02T16:56:22.393+0000] {processor.py:840} INFO - DAG(s) 'dag_sentiment_analysis' retrieved from /opt/airflow/dags/dag_sentiment_ana;ysis.py
[2024-07-02T16:56:22.424+0000] {logging_mixin.py:188} INFO - [2024-07-02T16:56:22.424+0000] {dag.py:3047} INFO - Sync 1 DAGs
[2024-07-02T16:56:22.448+0000] {logging_mixin.py:188} INFO - [2024-07-02T16:56:22.448+0000] {dag.py:3834} INFO - Setting next_dagrun for dag_sentiment_analysis to 2024-07-01 00:00:00+00:00, run_after=2024-07-02 00:00:00+00:00
[2024-07-02T16:56:22.475+0000] {processor.py:183} INFO - Processing /opt/airflow/dags/dag_sentiment_ana;ysis.py took 0.118 seconds
[2024-07-02T16:56:52.640+0000] {processor.py:161} INFO - Started process (PID=578) to work on /opt/airflow/dags/dag_sentiment_ana;ysis.py
[2024-07-02T16:56:52.642+0000] {processor.py:830} INFO - Processing file /opt/airflow/dags/dag_sentiment_ana;ysis.py for tasks to queue
[2024-07-02T16:56:52.643+0000] {logging_mixin.py:188} INFO - [2024-07-02T16:56:52.643+0000] {dagbag.py:540} INFO - Filling up the DagBag from /opt/airflow/dags/dag_sentiment_ana;ysis.py
[2024-07-02T16:56:52.670+0000] {processor.py:840} INFO - DAG(s) 'dag_sentiment_analysis' retrieved from /opt/airflow/dags/dag_sentiment_ana;ysis.py
[2024-07-02T16:56:52.672+0000] {logging_mixin.py:188} INFO - [2024-07-02T16:56:52.671+0000] {dagbag.py:540} INFO - Filling up the DagBag from /opt/airflow/dags/dag_sentiment_ana;ysis.py
[2024-07-02T16:56:52.703+0000] {logging_mixin.py:188} INFO - [2024-07-02T16:56:52.703+0000] {processor.py:431} INFO - Running SLA Checks for dag_sentiment_analysis
[2024-07-02T16:56:52.744+0000] {logging_mixin.py:188} INFO - [2024-07-02T16:56:52.744+0000] {dag.py:3047} INFO - Sync 1 DAGs
[2024-07-02T16:56:52.764+0000] {logging_mixin.py:188} INFO - [2024-07-02T16:56:52.764+0000] {dag.py:3834} INFO - Setting next_dagrun for dag_sentiment_analysis to 2024-07-02 00:00:00+00:00, run_after=2024-07-03 00:00:00+00:00
[2024-07-02T16:56:52.788+0000] {processor.py:183} INFO - Processing /opt/airflow/dags/dag_sentiment_ana;ysis.py took 0.150 seconds
[2024-07-02T16:57:23.056+0000] {processor.py:161} INFO - Started process (PID=583) to work on /opt/airflow/dags/dag_sentiment_ana;ysis.py
[2024-07-02T16:57:23.058+0000] {processor.py:830} INFO - Processing file /opt/airflow/dags/dag_sentiment_ana;ysis.py for tasks to queue
[2024-07-02T16:57:23.059+0000] {logging_mixin.py:188} INFO - [2024-07-02T16:57:23.059+0000] {dagbag.py:540} INFO - Filling up the DagBag from /opt/airflow/dags/dag_sentiment_ana;ysis.py
[2024-07-02T16:57:23.090+0000] {processor.py:840} INFO - DAG(s) 'dag_sentiment_analysis' retrieved from /opt/airflow/dags/dag_sentiment_ana;ysis.py
[2024-07-02T16:57:23.091+0000] {logging_mixin.py:188} INFO - [2024-07-02T16:57:23.091+0000] {dagbag.py:540} INFO - Filling up the DagBag from /opt/airflow/dags/dag_sentiment_ana;ysis.py
[2024-07-02T16:57:23.126+0000] {logging_mixin.py:188} INFO - [2024-07-02T16:57:23.125+0000] {processor.py:431} INFO - Running SLA Checks for dag_sentiment_analysis
[2024-07-02T16:57:23.175+0000] {logging_mixin.py:188} INFO - [2024-07-02T16:57:23.175+0000] {dag.py:3047} INFO - Sync 1 DAGs
[2024-07-02T16:57:23.200+0000] {logging_mixin.py:188} INFO - [2024-07-02T16:57:23.200+0000] {dag.py:3834} INFO - Setting next_dagrun for dag_sentiment_analysis to 2024-07-02 00:00:00+00:00, run_after=2024-07-03 00:00:00+00:00
[2024-07-02T16:57:23.232+0000] {processor.py:183} INFO - Processing /opt/airflow/dags/dag_sentiment_ana;ysis.py took 0.179 seconds
[2024-07-02T16:57:53.537+0000] {processor.py:161} INFO - Started process (PID=588) to work on /opt/airflow/dags/dag_sentiment_ana;ysis.py
[2024-07-02T16:57:53.538+0000] {processor.py:830} INFO - Processing file /opt/airflow/dags/dag_sentiment_ana;ysis.py for tasks to queue
[2024-07-02T16:57:53.539+0000] {logging_mixin.py:188} INFO - [2024-07-02T16:57:53.539+0000] {dagbag.py:540} INFO - Filling up the DagBag from /opt/airflow/dags/dag_sentiment_ana;ysis.py
[2024-07-02T16:57:53.582+0000] {processor.py:840} INFO - DAG(s) 'dag_sentiment_analysis' retrieved from /opt/airflow/dags/dag_sentiment_ana;ysis.py
[2024-07-02T16:57:53.584+0000] {logging_mixin.py:188} INFO - [2024-07-02T16:57:53.583+0000] {dagbag.py:540} INFO - Filling up the DagBag from /opt/airflow/dags/dag_sentiment_ana;ysis.py
[2024-07-02T16:57:53.619+0000] {logging_mixin.py:188} INFO - [2024-07-02T16:57:53.619+0000] {processor.py:431} INFO - Running SLA Checks for dag_sentiment_analysis
[2024-07-02T16:57:53.673+0000] {logging_mixin.py:188} INFO - [2024-07-02T16:57:53.673+0000] {dag.py:3047} INFO - Sync 1 DAGs
[2024-07-02T16:57:53.701+0000] {logging_mixin.py:188} INFO - [2024-07-02T16:57:53.700+0000] {dag.py:3834} INFO - Setting next_dagrun for dag_sentiment_analysis to 2024-07-02 00:00:00+00:00, run_after=2024-07-03 00:00:00+00:00
[2024-07-02T16:57:53.738+0000] {processor.py:183} INFO - Processing /opt/airflow/dags/dag_sentiment_ana;ysis.py took 0.204 seconds
