[2024-06-26T11:59:32.264+0000] {manager.py:469} INFO - Processing files using up to 2 processes at a time 
[2024-06-26T11:59:32.265+0000] {manager.py:470} INFO - Process each file at most once every 30 seconds
[2024-06-26T11:59:32.266+0000] {manager.py:471} INFO - Checking for new files in /opt/airflow/dags every 300 seconds
[2024-06-26T11:59:32.267+0000] {manager.py:738} INFO - Searching for files in /opt/airflow/dags
[2024-06-26T11:59:32.270+0000] {manager.py:741} INFO - There are 0 files in /opt/airflow/dags
[2024-06-26T12:04:33.119+0000] {manager.py:738} INFO - Searching for files in /opt/airflow/dags
[2024-06-26T12:04:33.129+0000] {manager.py:741} INFO - There are 0 files in /opt/airflow/dags
[2024-06-26T12:09:33.958+0000] {manager.py:738} INFO - Searching for files in /opt/airflow/dags
[2024-06-26T12:09:33.971+0000] {manager.py:741} INFO - There are 0 files in /opt/airflow/dags
[2024-06-26T12:14:34.882+0000] {manager.py:738} INFO - Searching for files in /opt/airflow/dags
[2024-06-26T12:14:34.890+0000] {manager.py:741} INFO - There are 0 files in /opt/airflow/dags
[2024-06-26T12:19:35.796+0000] {manager.py:738} INFO - Searching for files in /opt/airflow/dags
[2024-06-26T12:19:35.809+0000] {manager.py:741} INFO - There are 0 files in /opt/airflow/dags
[2024-06-26T12:24:36.703+0000] {manager.py:738} INFO - Searching for files in /opt/airflow/dags
[2024-06-26T12:24:36.716+0000] {manager.py:741} INFO - There are 0 files in /opt/airflow/dags
[2024-06-26T12:29:37.604+0000] {manager.py:738} INFO - Searching for files in /opt/airflow/dags
[2024-06-26T12:29:37.614+0000] {manager.py:741} INFO - There are 0 files in /opt/airflow/dags
[2024-06-26T12:34:38.498+0000] {manager.py:738} INFO - Searching for files in /opt/airflow/dags
[2024-06-26T12:34:38.511+0000] {manager.py:741} INFO - There are 0 files in /opt/airflow/dags
[2024-06-26T12:39:39.200+0000] {manager.py:738} INFO - Searching for files in /opt/airflow/dags
[2024-06-26T12:39:39.204+0000] {manager.py:741} INFO - There are 0 files in /opt/airflow/dags
[2024-06-26T12:44:39.935+0000] {manager.py:738} INFO - Searching for files in /opt/airflow/dags
[2024-06-26T12:44:39.948+0000] {manager.py:741} INFO - There are 0 files in /opt/airflow/dags
[2024-06-26T12:49:40.640+0000] {manager.py:738} INFO - Searching for files in /opt/airflow/dags
[2024-06-26T12:49:40.655+0000] {manager.py:741} INFO - There are 0 files in /opt/airflow/dags
[2024-06-26T12:54:41.256+0000] {manager.py:738} INFO - Searching for files in /opt/airflow/dags
[2024-06-26T12:54:41.266+0000] {manager.py:741} INFO - There are 0 files in /opt/airflow/dags
[2024-06-26T12:59:41.998+0000] {manager.py:738} INFO - Searching for files in /opt/airflow/dags
[2024-06-26T12:59:42.004+0000] {manager.py:741} INFO - There are 0 files in /opt/airflow/dags
[2024-06-26T13:04:42.703+0000] {manager.py:738} INFO - Searching for files in /opt/airflow/dags
[2024-06-26T13:04:42.711+0000] {manager.py:741} INFO - There are 0 files in /opt/airflow/dags
[2024-06-26T13:09:43.588+0000] {manager.py:738} INFO - Searching for files in /opt/airflow/dags
[2024-06-26T13:09:43.597+0000] {manager.py:741} INFO - There are 0 files in /opt/airflow/dags
[2024-06-26T13:14:44.491+0000] {manager.py:738} INFO - Searching for files in /opt/airflow/dags
[2024-06-26T13:14:44.499+0000] {manager.py:741} INFO - There are 0 files in /opt/airflow/dags
[2024-06-26T13:19:45.344+0000] {manager.py:738} INFO - Searching for files in /opt/airflow/dags
[2024-06-26T13:19:45.354+0000] {manager.py:741} INFO - There are 0 files in /opt/airflow/dags
[2024-06-26T13:24:46.105+0000] {manager.py:738} INFO - Searching for files in /opt/airflow/dags
[2024-06-26T13:24:46.115+0000] {manager.py:741} INFO - There are 0 files in /opt/airflow/dags
[2024-06-26T13:29:46.689+0000] {manager.py:738} INFO - Searching for files in /opt/airflow/dags
[2024-06-26T13:29:46.699+0000] {manager.py:741} INFO - There are 0 files in /opt/airflow/dags
[2024-06-26T13:34:47.197+0000] {manager.py:738} INFO - Searching for files in /opt/airflow/dags
[2024-06-26T13:34:47.205+0000] {manager.py:741} INFO - There are 0 files in /opt/airflow/dags
[2024-06-26T13:39:47.748+0000] {manager.py:738} INFO - Searching for files in /opt/airflow/dags
[2024-06-26T13:39:47.757+0000] {manager.py:741} INFO - There are 0 files in /opt/airflow/dags
[2024-06-26T13:44:48.299+0000] {manager.py:738} INFO - Searching for files in /opt/airflow/dags
[2024-06-26T13:44:48.304+0000] {manager.py:741} INFO - There are 0 files in /opt/airflow/dags
[2024-06-26T13:49:48.835+0000] {manager.py:738} INFO - Searching for files in /opt/airflow/dags
[2024-06-26T13:49:48.841+0000] {manager.py:741} INFO - There are 0 files in /opt/airflow/dags
[2024-06-26T13:54:49.561+0000] {manager.py:738} INFO - Searching for files in /opt/airflow/dags
[2024-06-26T13:54:49.569+0000] {manager.py:741} INFO - There are 0 files in /opt/airflow/dags
[2024-06-26T13:59:50.322+0000] {manager.py:738} INFO - Searching for files in /opt/airflow/dags
[2024-06-26T13:59:50.329+0000] {manager.py:741} INFO - There are 0 files in /opt/airflow/dags
[2024-06-26T14:04:50.936+0000] {manager.py:738} INFO - Searching for files in /opt/airflow/dags
[2024-06-26T14:04:50.941+0000] {manager.py:741} INFO - There are 0 files in /opt/airflow/dags
[2024-06-26T14:09:51.500+0000] {manager.py:738} INFO - Searching for files in /opt/airflow/dags
[2024-06-26T14:09:51.507+0000] {manager.py:741} INFO - There are 0 files in /opt/airflow/dags
[2024-06-26T14:14:52.117+0000] {manager.py:738} INFO - Searching for files in /opt/airflow/dags
[2024-06-26T14:14:52.124+0000] {manager.py:741} INFO - There are 0 files in /opt/airflow/dags
[2024-06-26T14:19:52.723+0000] {manager.py:738} INFO - Searching for files in /opt/airflow/dags
[2024-06-26T14:19:52.734+0000] {manager.py:741} INFO - There are 0 files in /opt/airflow/dags
[2024-06-26T14:24:53.360+0000] {manager.py:738} INFO - Searching for files in /opt/airflow/dags
[2024-06-26T14:24:53.372+0000] {manager.py:741} INFO - There are 0 files in /opt/airflow/dags
[2024-06-26T14:29:54.038+0000] {manager.py:738} INFO - Searching for files in /opt/airflow/dags
[2024-06-26T14:29:54.048+0000] {manager.py:741} INFO - There are 0 files in /opt/airflow/dags
[2024-06-26T14:34:54.828+0000] {manager.py:738} INFO - Searching for files in /opt/airflow/dags
[2024-06-26T14:34:54.842+0000] {manager.py:741} INFO - There are 0 files in /opt/airflow/dags
[2024-06-26T14:39:55.691+0000] {manager.py:738} INFO - Searching for files in /opt/airflow/dags
[2024-06-26T14:39:55.705+0000] {manager.py:741} INFO - There are 0 files in /opt/airflow/dags
[2024-06-26T14:44:56.570+0000] {manager.py:738} INFO - Searching for files in /opt/airflow/dags
[2024-06-26T14:44:56.581+0000] {manager.py:741} INFO - There are 0 files in /opt/airflow/dags
[2024-06-26T14:49:57.447+0000] {manager.py:738} INFO - Searching for files in /opt/airflow/dags
[2024-06-26T14:49:57.458+0000] {manager.py:741} INFO - There are 0 files in /opt/airflow/dags
[2024-06-26T14:54:58.091+0000] {manager.py:738} INFO - Searching for files in /opt/airflow/dags
[2024-06-26T14:54:58.097+0000] {manager.py:741} INFO - There are 0 files in /opt/airflow/dags
[2024-06-26T14:59:58.770+0000] {manager.py:738} INFO - Searching for files in /opt/airflow/dags
[2024-06-26T14:59:58.774+0000] {manager.py:741} INFO - There are 0 files in /opt/airflow/dags
[2024-06-26T15:04:59.607+0000] {manager.py:738} INFO - Searching for files in /opt/airflow/dags
[2024-06-26T15:04:59.614+0000] {manager.py:741} INFO - There are 0 files in /opt/airflow/dags
[2024-06-26T15:10:00.382+0000] {manager.py:738} INFO - Searching for files in /opt/airflow/dags
[2024-06-26T15:10:00.393+0000] {manager.py:741} INFO - There are 0 files in /opt/airflow/dags
[2024-06-26T15:15:01.017+0000] {manager.py:738} INFO - Searching for files in /opt/airflow/dags
[2024-06-26T15:15:01.022+0000] {manager.py:741} INFO - There are 0 files in /opt/airflow/dags
[2024-06-26T15:20:01.550+0000] {manager.py:738} INFO - Searching for files in /opt/airflow/dags
[2024-06-26T15:20:01.558+0000] {manager.py:741} INFO - There are 0 files in /opt/airflow/dags
[2024-06-26T15:25:02.093+0000] {manager.py:738} INFO - Searching for files in /opt/airflow/dags
[2024-06-26T15:25:02.099+0000] {manager.py:741} INFO - There are 0 files in /opt/airflow/dags
[2024-06-26T15:30:02.570+0000] {manager.py:738} INFO - Searching for files in /opt/airflow/dags
[2024-06-26T15:30:02.577+0000] {manager.py:741} INFO - There are 0 files in /opt/airflow/dags
[2024-06-26T15:35:03.157+0000] {manager.py:738} INFO - Searching for files in /opt/airflow/dags
[2024-06-26T15:35:03.165+0000] {manager.py:741} INFO - There are 0 files in /opt/airflow/dags
[2024-06-26T15:40:03.698+0000] {manager.py:738} INFO - Searching for files in /opt/airflow/dags
[2024-06-26T15:40:03.707+0000] {manager.py:741} INFO - There are 0 files in /opt/airflow/dags
[2024-06-26T15:45:04.263+0000] {manager.py:738} INFO - Searching for files in /opt/airflow/dags
[2024-06-26T15:45:04.266+0000] {manager.py:741} INFO - There are 0 files in /opt/airflow/dags
[2024-06-26T15:50:04.915+0000] {manager.py:738} INFO - Searching for files in /opt/airflow/dags
[2024-06-26T15:50:04.921+0000] {manager.py:741} INFO - There are 0 files in /opt/airflow/dags
[2024-06-26T15:55:05.446+0000] {manager.py:738} INFO - Searching for files in /opt/airflow/dags
[2024-06-26T15:55:05.451+0000] {manager.py:741} INFO - There are 0 files in /opt/airflow/dags
[2024-06-26T16:00:05.946+0000] {manager.py:738} INFO - Searching for files in /opt/airflow/dags
[2024-06-26T16:00:05.948+0000] {manager.py:741} INFO - There are 0 files in /opt/airflow/dags
[2024-06-26T16:05:06.641+0000] {manager.py:738} INFO - Searching for files in /opt/airflow/dags
[2024-06-26T16:05:06.651+0000] {manager.py:741} INFO - There are 0 files in /opt/airflow/dags
[2024-06-26T16:10:07.139+0000] {manager.py:738} INFO - Searching for files in /opt/airflow/dags
[2024-06-26T16:10:07.143+0000] {manager.py:741} INFO - There are 0 files in /opt/airflow/dags
[2024-06-26T16:15:07.668+0000] {manager.py:738} INFO - Searching for files in /opt/airflow/dags
[2024-06-26T16:15:07.675+0000] {manager.py:741} INFO - There are 0 files in /opt/airflow/dags
[2024-06-26T16:20:08.157+0000] {manager.py:738} INFO - Searching for files in /opt/airflow/dags
[2024-06-26T16:20:08.164+0000] {manager.py:741} INFO - There are 0 files in /opt/airflow/dags
[2024-06-26T16:25:08.644+0000] {manager.py:738} INFO - Searching for files in /opt/airflow/dags
[2024-06-26T16:25:08.651+0000] {manager.py:741} INFO - There are 0 files in /opt/airflow/dags
[2024-06-26T16:30:09.085+0000] {manager.py:738} INFO - Searching for files in /opt/airflow/dags
[2024-06-26T16:30:09.090+0000] {manager.py:741} INFO - There are 0 files in /opt/airflow/dags
[2024-06-26T16:35:09.598+0000] {manager.py:738} INFO - Searching for files in /opt/airflow/dags
[2024-06-26T16:35:09.606+0000] {manager.py:741} INFO - There are 0 files in /opt/airflow/dags
[2024-06-26T16:40:10.045+0000] {manager.py:738} INFO - Searching for files in /opt/airflow/dags
[2024-06-26T16:40:10.051+0000] {manager.py:741} INFO - There are 0 files in /opt/airflow/dags
[2024-06-26T16:45:10.457+0000] {manager.py:738} INFO - Searching for files in /opt/airflow/dags
[2024-06-26T16:45:10.461+0000] {manager.py:741} INFO - There are 0 files in /opt/airflow/dags
[2024-06-26T16:47:27.531+0000] {manager.py:451} INFO - Exiting gracefully upon receiving signal 15
